{"/Users/martin/Documents/GitHub/BondIT-ApS/NextDNS-Optimized-Analytics/frontend/src/App.tsx": {"path":"/Users/martin/Documents/GitHub/BondIT-ApS/NextDNS-Optimized-Analytics/frontend/src/App.tsx","statementMap":{"0":{"start":{"line":19,"column":20},"end":{"line":30,"column":null}},"1":{"start":{"line":24,"column":8},"end":{"line":24,"column":null}}},"fnMap":{"0":{"name":"(anonymous_0)","decl":{"start":{"line":22,"column":13},"end":{"line":22,"column":null}},"loc":{"start":{"line":22,"column":13},"end":{"line":25,"column":null}},"line":22},"1":{"name":"App","decl":{"start":{"line":32,"column":9},"end":{"line":32,"column":null}},"loc":{"start":{"line":32,"column":9},"end":{"line":101,"column":null}},"line":32}},"branchMap":{},"s":{"0":1,"1":0},"f":{"0":0,"1":2},"b":{},"meta":{"lastBranch":0,"lastFunction":2,"lastStatement":2,"seen":{"s:19:20:30:Infinity":0,"f:22:13:22:Infinity":0,"s:24:8:24:Infinity":1,"f:32:9:32:Infinity":1}}}
,"/Users/martin/Documents/GitHub/BondIT-ApS/NextDNS-Optimized-Analytics/frontend/src/components/DeviceFilter.tsx": {"path":"/Users/martin/Documents/GitHub/BondIT-ApS/NextDNS-Optimized-Analytics/frontend/src/components/DeviceFilter.tsx","statementMap":{"0":{"start":{"line":30,"column":13},"end":{"line":237,"column":null}},"1":{"start":{"line":37,"column":37},"end":{"line":37,"column":null}},"2":{"start":{"line":38,"column":39},"end":{"line":38,"column":null}},"3":{"start":{"line":40,"column":43},"end":{"line":42,"column":null}},"4":{"start":{"line":46,"column":10},"end":{"line":51,"column":null}},"5":{"start":{"line":47,"column":6},"end":{"line":47,"column":null}},"6":{"start":{"line":47,"column":31},"end":{"line":47,"column":null}},"7":{"start":{"line":48,"column":6},"end":{"line":49,"column":null}},"8":{"start":{"line":49,"column":8},"end":{"line":49,"column":null}},"9":{"start":{"line":53,"column":31},"end":{"line":60,"column":null}},"10":{"start":{"line":54,"column":25},"end":{"line":54,"column":null}},"11":{"start":{"line":55,"column":6},"end":{"line":59,"column":null}},"12":{"start":{"line":56,"column":8},"end":{"line":56,"column":null}},"13":{"start":{"line":56,"column":60},"end":{"line":56,"column":null}},"14":{"start":{"line":58,"column":8},"end":{"line":58,"column":null}},"15":{"start":{"line":62,"column":28},"end":{"line":64,"column":null}},"16":{"start":{"line":63,"column":6},"end":{"line":63,"column":null}},"17":{"start":{"line":66,"column":29},"end":{"line":68,"column":null}},"18":{"start":{"line":67,"column":6},"end":{"line":67,"column":null}},"19":{"start":{"line":70,"column":31},"end":{"line":72,"column":null}},"20":{"start":{"line":71,"column":6},"end":{"line":71,"column":null}},"21":{"start":{"line":71,"column":58},"end":{"line":71,"column":null}},"22":{"start":{"line":75,"column":4},"end":{"line":89,"column":null}},"23":{"start":{"line":113,"column":29},"end":{"line":113,"column":null}},"24":{"start":{"line":143,"column":35},"end":{"line":143,"column":null}},"25":{"start":{"line":174,"column":35},"end":{"line":174,"column":null}},"26":{"start":{"line":187,"column":24},"end":{"line":187,"column":null}},"27":{"start":{"line":213,"column":41},"end":{"line":213,"column":null}},"28":{"start":{"line":218,"column":41},"end":{"line":218,"column":null}},"29":{"start":{"line":240,"column":0},"end":{"line":240,"column":null}}},"fnMap":{"0":{"name":"(anonymous_0)","decl":{"start":{"line":31,"column":2},"end":{"line":31,"column":3}},"loc":{"start":{"line":36,"column":3},"end":{"line":237,"column":null}},"line":36},"1":{"name":"(anonymous_1)","decl":{"start":{"line":46,"column":36},"end":{"line":46,"column":null}},"loc":{"start":{"line":46,"column":36},"end":{"line":51,"column":7}},"line":46},"2":{"name":"(anonymous_2)","decl":{"start":{"line":48,"column":32},"end":{"line":48,"column":33}},"loc":{"start":{"line":49,"column":8},"end":{"line":49,"column":null}},"line":49},"3":{"name":"(anonymous_3)","decl":{"start":{"line":53,"column":31},"end":{"line":53,"column":32}},"loc":{"start":{"line":53,"column":32},"end":{"line":60,"column":null}},"line":53},"4":{"name":"(anonymous_4)","decl":{"start":{"line":56,"column":55},"end":{"line":56,"column":60}},"loc":{"start":{"line":56,"column":60},"end":{"line":56,"column":null}},"line":56},"5":{"name":"(anonymous_5)","decl":{"start":{"line":62,"column":28},"end":{"line":62,"column":null}},"loc":{"start":{"line":62,"column":28},"end":{"line":64,"column":null}},"line":62},"6":{"name":"(anonymous_6)","decl":{"start":{"line":66,"column":29},"end":{"line":66,"column":null}},"loc":{"start":{"line":66,"column":29},"end":{"line":68,"column":null}},"line":66},"7":{"name":"(anonymous_7)","decl":{"start":{"line":70,"column":31},"end":{"line":70,"column":32}},"loc":{"start":{"line":70,"column":32},"end":{"line":72,"column":null}},"line":70},"8":{"name":"(anonymous_8)","decl":{"start":{"line":71,"column":53},"end":{"line":71,"column":58}},"loc":{"start":{"line":71,"column":58},"end":{"line":71,"column":null}},"line":71},"9":{"name":"(anonymous_9)","decl":{"start":{"line":113,"column":23},"end":{"line":113,"column":29}},"loc":{"start":{"line":113,"column":29},"end":{"line":113,"column":null}},"line":113},"10":{"name":"(anonymous_10)","decl":{"start":{"line":143,"column":29},"end":{"line":143,"column":35}},"loc":{"start":{"line":143,"column":35},"end":{"line":143,"column":null}},"line":143},"11":{"name":"(anonymous_11)","decl":{"start":{"line":174,"column":30},"end":{"line":174,"column":35}},"loc":{"start":{"line":174,"column":35},"end":{"line":174,"column":null}},"line":174},"12":{"name":"(anonymous_12)","decl":{"start":{"line":186,"column":54},"end":{"line":186,"column":null}},"loc":{"start":{"line":187,"column":24},"end":{"line":187,"column":null}},"line":187},"13":{"name":"(anonymous_13)","decl":{"start":{"line":212,"column":40},"end":{"line":212,"column":null}},"loc":{"start":{"line":212,"column":40},"end":{"line":228,"column":null}},"line":212},"14":{"name":"(anonymous_14)","decl":{"start":{"line":218,"column":35},"end":{"line":218,"column":41}},"loc":{"start":{"line":218,"column":41},"end":{"line":218,"column":null}},"line":218}},"branchMap":{"0":{"loc":{"start":{"line":35,"column":4},"end":{"line":35,"column":21}},"type":"default-arg","locations":[{"start":{"line":35,"column":16},"end":{"line":35,"column":21}}],"line":35},"1":{"loc":{"start":{"line":47,"column":6},"end":{"line":47,"column":null}},"type":"if","locations":[{"start":{"line":47,"column":6},"end":{"line":47,"column":null}},{"start":{},"end":{}}],"line":47},"2":{"loc":{"start":{"line":55,"column":6},"end":{"line":59,"column":null}},"type":"if","locations":[{"start":{"line":55,"column":6},"end":{"line":59,"column":null}},{"start":{"line":57,"column":13},"end":{"line":59,"column":null}}],"line":55},"3":{"loc":{"start":{"line":75,"column":4},"end":{"line":89,"column":null}},"type":"if","locations":[{"start":{"line":75,"column":4},"end":{"line":89,"column":null}},{"start":{},"end":{}}],"line":75},"4":{"loc":{"start":{"line":107,"column":17},"end":{"line":107,"column":null}},"type":"binary-expr","locations":[{"start":{"line":107,"column":17},"end":{"line":107,"column":36}},{"start":{"line":107,"column":36},"end":{"line":107,"column":null}}],"line":107},"5":{"loc":{"start":{"line":156,"column":34},"end":{"line":156,"column":null}},"type":"cond-expr","locations":[{"start":{"line":156,"column":63},"end":{"line":156,"column":72}},{"start":{"line":156,"column":72},"end":{"line":156,"column":null}}],"line":156},"6":{"loc":{"start":{"line":205,"column":19},"end":{"line":228,"column":null}},"type":"cond-expr","locations":[{"start":{"line":205,"column":46},"end":{"line":212,"column":36}},{"start":{"line":212,"column":20},"end":{"line":228,"column":null}}],"line":205},"7":{"loc":{"start":{"line":207,"column":23},"end":{"line":209,"column":null}},"type":"cond-expr","locations":[{"start":{"line":208,"column":26},"end":{"line":208,"column":null}},{"start":{"line":209,"column":26},"end":{"line":209,"column":null}}],"line":207}},"s":{"0":1,"1":0,"2":0,"3":0,"4":0,"5":0,"6":0,"7":0,"8":0,"9":0,"10":0,"11":0,"12":0,"13":0,"14":0,"15":0,"16":0,"17":0,"18":0,"19":0,"20":0,"21":0,"22":0,"23":0,"24":0,"25":0,"26":0,"27":0,"28":0,"29":1},"f":{"0":0,"1":0,"2":0,"3":0,"4":0,"5":0,"6":0,"7":0,"8":0,"9":0,"10":0,"11":0,"12":0,"13":0,"14":0},"b":{"0":[0],"1":[0,0],"2":[0,0],"3":[0,0],"4":[0,0],"5":[0,0],"6":[0,0],"7":[0,0]},"meta":{"lastBranch":8,"lastFunction":15,"lastStatement":30,"seen":{"s:30:13:237:Infinity":0,"f:31:2:31:3":0,"b:35:16:35:21":0,"s:37:37:37:Infinity":1,"s:38:39:38:Infinity":2,"s:40:43:42:Infinity":3,"s:46:10:51:Infinity":4,"f:46:36:46:Infinity":1,"b:47:6:47:Infinity:undefined:undefined:undefined:undefined":1,"s:47:6:47:Infinity":5,"s:47:31:47:Infinity":6,"s:48:6:49:Infinity":7,"f:48:32:48:33":2,"s:49:8:49:Infinity":8,"s:53:31:60:Infinity":9,"f:53:31:53:32":3,"s:54:25:54:Infinity":10,"b:55:6:59:Infinity:57:13:59:Infinity":2,"s:55:6:59:Infinity":11,"s:56:8:56:Infinity":12,"f:56:55:56:60":4,"s:56:60:56:Infinity":13,"s:58:8:58:Infinity":14,"s:62:28:64:Infinity":15,"f:62:28:62:Infinity":5,"s:63:6:63:Infinity":16,"s:66:29:68:Infinity":17,"f:66:29:66:Infinity":6,"s:67:6:67:Infinity":18,"s:70:31:72:Infinity":19,"f:70:31:70:32":7,"s:71:6:71:Infinity":20,"f:71:53:71:58":8,"s:71:58:71:Infinity":21,"b:75:4:89:Infinity:undefined:undefined:undefined:undefined":3,"s:75:4:89:Infinity":22,"b:107:17:107:36:107:36:107:Infinity":4,"f:113:23:113:29":9,"s:113:29:113:Infinity":23,"f:143:29:143:35":10,"s:143:35:143:Infinity":24,"b:156:63:156:72:156:72:156:Infinity":5,"f:174:30:174:35":11,"s:174:35:174:Infinity":25,"f:186:54:186:Infinity":12,"s:187:24:187:Infinity":26,"b:205:46:212:36:212:20:228:Infinity":6,"b:208:26:208:Infinity:209:26:209:Infinity":7,"f:212:40:212:Infinity":13,"s:213:41:213:Infinity":27,"f:218:35:218:41":14,"s:218:41:218:Infinity":28,"s:240:0:240:Infinity":29}}}
,"/Users/martin/Documents/GitHub/BondIT-ApS/NextDNS-Optimized-Analytics/frontend/src/components/ErrorBoundary.tsx": {"path":"/Users/martin/Documents/GitHub/BondIT-ApS/NextDNS-Optimized-Analytics/frontend/src/components/ErrorBoundary.tsx","statementMap":{"0":{"start":{"line":28,"column":4},"end":{"line":28,"column":null}},"1":{"start":{"line":32,"column":4},"end":{"line":32,"column":null}},"2":{"start":{"line":34,"column":4},"end":{"line":37,"column":null}},"3":{"start":{"line":40,"column":4},"end":{"line":42,"column":null}},"4":{"start":{"line":41,"column":6},"end":{"line":41,"column":null}},"5":{"start":{"line":50,"column":4},"end":{"line":69,"column":null}},"6":{"start":{"line":52,"column":6},"end":{"line":60,"column":null}},"7":{"start":{"line":53,"column":34},"end":{"line":53,"column":53}},"8":{"start":{"line":71,"column":4},"end":{"line":71,"column":null}},"9":{"start":{"line":23,"column":4},"end":{"line":47,"column":null}},"10":{"start":{"line":46,"column":4},"end":{"line":46,"column":null}},"11":{"start":{"line":24,"column":4},"end":{"line":24,"column":null}},"12":{"start":{"line":115,"column":27},"end":{"line":115,"column":null}},"13":{"start":{"line":142,"column":22},"end":{"line":145,"column":null}},"14":{"start":{"line":144,"column":4},"end":{"line":144,"column":null}}},"fnMap":{"0":{"name":"(anonymous_0)","decl":{"start":{"line":27,"column":9},"end":{"line":27,"column":34}},"loc":{"start":{"line":27,"column":68},"end":{"line":29,"column":null}},"line":27},"1":{"name":"(anonymous_1)","decl":{"start":{"line":31,"column":2},"end":{"line":31,"column":20}},"loc":{"start":{"line":31,"column":62},"end":{"line":43,"column":null}},"line":31},"2":{"name":"(anonymous_2)","decl":{"start":{"line":49,"column":2},"end":{"line":49,"column":11}},"loc":{"start":{"line":49,"column":11},"end":{"line":72,"column":null}},"line":49},"3":{"name":"(anonymous_3)","decl":{"start":{"line":22,"column":2},"end":{"line":22,"column":14}},"loc":{"start":{"line":22,"column":41},"end":{"line":25,"column":null}},"line":22},"4":{"name":"(anonymous_4)","decl":{"start":{"line":45,"column":15},"end":{"line":45,"column":null}},"loc":{"start":{"line":45,"column":15},"end":{"line":47,"column":null}},"line":45},"5":{"name":"DefaultErrorFallback","decl":{"start":{"line":80,"column":9},"end":{"line":80,"column":30}},"loc":{"start":{"line":83,"column":28},"end":{"line":130,"column":null}},"line":83},"6":{"name":"(anonymous_6)","decl":{"start":{"line":115,"column":21},"end":{"line":115,"column":27}},"loc":{"start":{"line":115,"column":27},"end":{"line":115,"column":null}},"line":115},"7":{"name":"ApiErrorBoundary","decl":{"start":{"line":138,"column":16},"end":{"line":138,"column":33}},"loc":{"start":{"line":141,"column":24},"end":{"line":179,"column":null}},"line":141},"8":{"name":"(anonymous_8)","decl":{"start":{"line":142,"column":22},"end":{"line":142,"column":23}},"loc":{"start":{"line":142,"column":37},"end":{"line":145,"column":null}},"line":142}},"branchMap":{"0":{"loc":{"start":{"line":40,"column":4},"end":{"line":42,"column":null}},"type":"if","locations":[{"start":{"line":40,"column":4},"end":{"line":42,"column":null}},{"start":{},"end":{}}],"line":40},"1":{"loc":{"start":{"line":50,"column":4},"end":{"line":69,"column":null}},"type":"if","locations":[{"start":{"line":50,"column":4},"end":{"line":69,"column":null}},{"start":{},"end":{}}],"line":50},"2":{"loc":{"start":{"line":52,"column":6},"end":{"line":60,"column":null}},"type":"if","locations":[{"start":{"line":52,"column":6},"end":{"line":60,"column":null}},{"start":{},"end":{}}],"line":52},"3":{"loc":{"start":{"line":140,"column":2},"end":{"line":140,"column":29}},"type":"default-arg","locations":[{"start":{"line":140,"column":18},"end":{"line":140,"column":29}}],"line":140}},"s":{"0":0,"1":0,"2":0,"3":0,"4":0,"5":0,"6":0,"7":0,"8":0,"9":0,"10":0,"11":0,"12":0,"13":0,"14":0},"f":{"0":1,"1":0,"2":0,"3":0,"4":0,"5":0,"6":0,"7":0,"8":0},"b":{"0":[0,0],"1":[0,0],"2":[0,0],"3":[0]},"meta":{"lastBranch":4,"lastFunction":9,"lastStatement":15,"seen":{"f:27:9:27:34":0,"s:28:4:28:Infinity":0,"f:31:2:31:20":1,"s:32:4:32:Infinity":1,"s:34:4:37:Infinity":2,"b:40:4:42:Infinity:undefined:undefined:undefined:undefined":0,"s:40:4:42:Infinity":3,"s:41:6:41:Infinity":4,"f:49:2:49:11":2,"b:50:4:69:Infinity:undefined:undefined:undefined:undefined":1,"s:50:4:69:Infinity":5,"b:52:6:60:Infinity:undefined:undefined:undefined:undefined":2,"s:52:6:60:Infinity":6,"s:53:34:53:53":7,"s:71:4:71:Infinity":8,"f:22:2:22:14":3,"s:23:4:47:Infinity":9,"f:45:15:45:Infinity":4,"s:46:4:46:Infinity":10,"s:24:4:24:Infinity":11,"f:80:9:80:30":5,"f:115:21:115:27":6,"s:115:27:115:Infinity":12,"f:138:16:138:33":7,"b:140:18:140:29":3,"s:142:22:145:Infinity":13,"f:142:22:142:23":8,"s:144:4:144:Infinity":14}}}
,"/Users/martin/Documents/GitHub/BondIT-ApS/NextDNS-Optimized-Analytics/frontend/src/components/FilterPanel.tsx": {"path":"/Users/martin/Documents/GitHub/BondIT-ApS/NextDNS-Optimized-Analytics/frontend/src/components/FilterPanel.tsx","statementMap":{"0":{"start":{"line":24,"column":13},"end":{"line":98,"column":null}},"1":{"start":{"line":66,"column":33},"end":{"line":66,"column":null}},"2":{"start":{"line":101,"column":0},"end":{"line":101,"column":null}}},"fnMap":{"0":{"name":"(anonymous_0)","decl":{"start":{"line":25,"column":2},"end":{"line":25,"column":3}},"loc":{"start":{"line":34,"column":3},"end":{"line":98,"column":null}},"line":34},"1":{"name":"(anonymous_1)","decl":{"start":{"line":66,"column":27},"end":{"line":66,"column":33}},"loc":{"start":{"line":66,"column":33},"end":{"line":66,"column":null}},"line":66}},"branchMap":{"0":{"loc":{"start":{"line":64,"column":27},"end":{"line":64,"column":null}},"type":"cond-expr","locations":[{"start":{"line":64,"column":50},"end":{"line":64,"column":58}},{"start":{"line":64,"column":58},"end":{"line":64,"column":null}}],"line":64},"1":{"loc":{"start":{"line":68,"column":20},"end":{"line":70,"column":null}},"type":"cond-expr","locations":[{"start":{"line":69,"column":24},"end":{"line":69,"column":null}},{"start":{"line":70,"column":24},"end":{"line":70,"column":null}}],"line":68},"2":{"loc":{"start":{"line":68,"column":20},"end":{"line":68,"column":null}},"type":"binary-expr","locations":[{"start":{"line":68,"column":20},"end":{"line":68,"column":44}},{"start":{"line":68,"column":44},"end":{"line":68,"column":null}}],"line":68},"3":{"loc":{"start":{"line":84,"column":15},"end":{"line":84,"column":68}},"type":"binary-expr","locations":[{"start":{"line":84,"column":15},"end":{"line":84,"column":34}},{"start":{"line":84,"column":34},"end":{"line":84,"column":68}}],"line":84},"4":{"loc":{"start":{"line":85,"column":15},"end":{"line":85,"column":76}},"type":"binary-expr","locations":[{"start":{"line":85,"column":15},"end":{"line":85,"column":39}},{"start":{"line":85,"column":39},"end":{"line":85,"column":76}}],"line":85},"5":{"loc":{"start":{"line":86,"column":15},"end":{"line":86,"column":66}},"type":"binary-expr","locations":[{"start":{"line":86,"column":15},"end":{"line":86,"column":41}},{"start":{"line":86,"column":41},"end":{"line":86,"column":66}}],"line":86}},"s":{"0":1,"1":0,"2":1},"f":{"0":0,"1":0},"b":{"0":[0,0],"1":[0,0],"2":[0,0],"3":[0,0],"4":[0,0],"5":[0,0]},"meta":{"lastBranch":6,"lastFunction":2,"lastStatement":3,"seen":{"s:24:13:98:Infinity":0,"f:25:2:25:3":0,"b:64:50:64:58:64:58:64:Infinity":0,"f:66:27:66:33":1,"s:66:33:66:Infinity":1,"b:69:24:69:Infinity:70:24:70:Infinity":1,"b:68:20:68:44:68:44:68:Infinity":2,"b:84:15:84:34:84:34:84:68":3,"b:85:15:85:39:85:39:85:76":4,"b:86:15:86:41:86:41:86:66":5,"s:101:0:101:Infinity":2}}}
,"/Users/martin/Documents/GitHub/BondIT-ApS/NextDNS-Optimized-Analytics/frontend/src/components/LoadingSkeletons.tsx": {"path":"/Users/martin/Documents/GitHub/BondIT-ApS/NextDNS-Optimized-Analytics/frontend/src/components/LoadingSkeletons.tsx","statementMap":{"0":{"start":{"line":97,"column":22},"end":{"line":101,"column":null}},"1":{"start":{"line":191,"column":2},"end":{"line":198,"column":null}},"2":{"start":{"line":234,"column":2},"end":{"line":234,"column":null}},"3":{"start":{"line":234,"column":39},"end":{"line":234,"column":null}},"4":{"start":{"line":267,"column":37},"end":{"line":267,"column":null}},"5":{"start":{"line":270,"column":2},"end":{"line":278,"column":null}},"6":{"start":{"line":271,"column":4},"end":{"line":271,"column":null}},"7":{"start":{"line":271,"column":36},"end":{"line":271,"column":null}},"8":{"start":{"line":273,"column":21},"end":{"line":275,"column":null}},"9":{"start":{"line":274,"column":6},"end":{"line":274,"column":null}},"10":{"start":{"line":277,"column":4},"end":{"line":277,"column":null}},"11":{"start":{"line":277,"column":17},"end":{"line":277,"column":null}},"12":{"start":{"line":280,"column":2},"end":{"line":280,"column":null}},"13":{"start":{"line":280,"column":18},"end":{"line":280,"column":null}},"14":{"start":{"line":282,"column":14},"end":{"line":282,"column":null}},"15":{"start":{"line":318,"column":37},"end":{"line":318,"column":null}},"16":{"start":{"line":321,"column":2},"end":{"line":329,"column":null}},"17":{"start":{"line":322,"column":4},"end":{"line":322,"column":null}},"18":{"start":{"line":322,"column":53},"end":{"line":322,"column":null}},"19":{"start":{"line":324,"column":21},"end":{"line":326,"column":null}},"20":{"start":{"line":325,"column":6},"end":{"line":325,"column":null}},"21":{"start":{"line":328,"column":4},"end":{"line":328,"column":null}},"22":{"start":{"line":328,"column":17},"end":{"line":328,"column":null}},"23":{"start":{"line":331,"column":2},"end":{"line":331,"column":null}},"24":{"start":{"line":331,"column":51},"end":{"line":331,"column":null}},"25":{"start":{"line":333,"column":14},"end":{"line":333,"column":null}},"26":{"start":{"line":334,"column":18},"end":{"line":334,"column":30}},"27":{"start":{"line":358,"column":18},"end":{"line":358,"column":null}},"28":{"start":{"line":359,"column":18},"end":{"line":359,"column":null}},"29":{"start":{"line":360,"column":16},"end":{"line":360,"column":null}},"30":{"start":{"line":361,"column":15},"end":{"line":361,"column":null}},"31":{"start":{"line":363,"column":2},"end":{"line":371,"column":null}},"32":{"start":{"line":364,"column":4},"end":{"line":364,"column":null}},"33":{"start":{"line":365,"column":9},"end":{"line":371,"column":null}},"34":{"start":{"line":366,"column":4},"end":{"line":366,"column":null}},"35":{"start":{"line":367,"column":9},"end":{"line":371,"column":null}},"36":{"start":{"line":368,"column":4},"end":{"line":368,"column":null}},"37":{"start":{"line":370,"column":4},"end":{"line":370,"column":null}}},"fnMap":{"0":{"name":"Skeleton","decl":{"start":{"line":9,"column":16},"end":{"line":9,"column":25}},"loc":{"start":{"line":9,"column":58},"end":{"line":11,"column":null}},"line":9},"1":{"name":"DashboardCardSkeleton","decl":{"start":{"line":13,"column":16},"end":{"line":13,"column":null}},"loc":{"start":{"line":13,"column":16},"end":{"line":26,"column":null}},"line":13},"2":{"name":"SystemResourceCardSkeleton","decl":{"start":{"line":28,"column":16},"end":{"line":28,"column":null}},"loc":{"start":{"line":28,"column":16},"end":{"line":52,"column":null}},"line":28},"3":{"name":"SystemInfoSkeleton","decl":{"start":{"line":54,"column":16},"end":{"line":54,"column":null}},"loc":{"start":{"line":54,"column":16},"end":{"line":90,"column":null}},"line":54},"4":{"name":"LoadingSpinner","decl":{"start":{"line":92,"column":16},"end":{"line":92,"column":31}},"loc":{"start":{"line":96,"column":1},"end":{"line":108,"column":null}},"line":96},"5":{"name":"LoadingState","decl":{"start":{"line":116,"column":16},"end":{"line":116,"column":29}},"loc":{"start":{"line":120,"column":20},"end":{"line":127,"column":null}},"line":120},"6":{"name":"ErrorState","decl":{"start":{"line":136,"column":16},"end":{"line":136,"column":27}},"loc":{"start":{"line":141,"column":18},"end":{"line":177,"column":null}},"line":141},"7":{"name":"ConnectionIndicator","decl":{"start":{"line":186,"column":16},"end":{"line":186,"column":36}},"loc":{"start":{"line":190,"column":27},"end":{"line":216,"column":null}},"line":190},"8":{"name":"RetryIndicator","decl":{"start":{"line":227,"column":16},"end":{"line":227,"column":31}},"loc":{"start":{"line":233,"column":22},"end":{"line":253,"column":null}},"line":233},"9":{"name":"OfflineBanner","decl":{"start":{"line":262,"column":16},"end":{"line":262,"column":30}},"loc":{"start":{"line":266,"column":21},"end":{"line":303,"column":null}},"line":266},"10":{"name":"(anonymous_10)","decl":{"start":{"line":270,"column":12},"end":{"line":270,"column":null}},"loc":{"start":{"line":270,"column":12},"end":{"line":278,"column":5}},"line":270},"11":{"name":"(anonymous_11)","decl":{"start":{"line":273,"column":33},"end":{"line":273,"column":null}},"loc":{"start":{"line":273,"column":33},"end":{"line":275,"column":7}},"line":273},"12":{"name":"(anonymous_12)","decl":{"start":{"line":277,"column":11},"end":{"line":277,"column":17}},"loc":{"start":{"line":277,"column":17},"end":{"line":277,"column":null}},"line":277},"13":{"name":"DataFreshnessIndicator","decl":{"start":{"line":312,"column":16},"end":{"line":312,"column":39}},"loc":{"start":{"line":317,"column":30},"end":{"line":354,"column":null}},"line":317},"14":{"name":"(anonymous_14)","decl":{"start":{"line":321,"column":12},"end":{"line":321,"column":null}},"loc":{"start":{"line":321,"column":12},"end":{"line":329,"column":5}},"line":321},"15":{"name":"(anonymous_15)","decl":{"start":{"line":324,"column":33},"end":{"line":324,"column":null}},"loc":{"start":{"line":324,"column":33},"end":{"line":326,"column":7}},"line":324},"16":{"name":"(anonymous_16)","decl":{"start":{"line":328,"column":11},"end":{"line":328,"column":17}},"loc":{"start":{"line":328,"column":17},"end":{"line":328,"column":null}},"line":328},"17":{"name":"formatLiveAge","decl":{"start":{"line":357,"column":9},"end":{"line":357,"column":23}},"loc":{"start":{"line":357,"column":38},"end":{"line":372,"column":null}},"line":357}},"branchMap":{"0":{"loc":{"start":{"line":9,"column":27},"end":{"line":9,"column":41}},"type":"default-arg","locations":[{"start":{"line":9,"column":39},"end":{"line":9,"column":41}}],"line":9},"1":{"loc":{"start":{"line":93,"column":2},"end":{"line":93,"column":17}},"type":"default-arg","locations":[{"start":{"line":93,"column":9},"end":{"line":93,"column":17}}],"line":93},"2":{"loc":{"start":{"line":117,"column":2},"end":{"line":117,"column":24}},"type":"default-arg","locations":[{"start":{"line":117,"column":12},"end":{"line":117,"column":24}}],"line":117},"3":{"loc":{"start":{"line":118,"column":2},"end":{"line":118,"column":20}},"type":"default-arg","locations":[{"start":{"line":118,"column":16},"end":{"line":118,"column":20}}],"line":118},"4":{"loc":{"start":{"line":119,"column":2},"end":{"line":119,"column":16}},"type":"default-arg","locations":[{"start":{"line":119,"column":14},"end":{"line":119,"column":16}}],"line":119},"5":{"loc":{"start":{"line":137,"column":2},"end":{"line":137,"column":34}},"type":"default-arg","locations":[{"start":{"line":137,"column":12},"end":{"line":137,"column":34}}],"line":137},"6":{"loc":{"start":{"line":139,"column":2},"end":{"line":139,"column":24}},"type":"default-arg","locations":[{"start":{"line":139,"column":20},"end":{"line":139,"column":24}}],"line":139},"7":{"loc":{"start":{"line":140,"column":2},"end":{"line":140,"column":16}},"type":"default-arg","locations":[{"start":{"line":140,"column":14},"end":{"line":140,"column":16}}],"line":140},"8":{"loc":{"start":{"line":188,"column":2},"end":{"line":188,"column":19}},"type":"default-arg","locations":[{"start":{"line":188,"column":14},"end":{"line":188,"column":19}}],"line":188},"9":{"loc":{"start":{"line":189,"column":2},"end":{"line":189,"column":16}},"type":"default-arg","locations":[{"start":{"line":189,"column":14},"end":{"line":189,"column":16}}],"line":189},"10":{"loc":{"start":{"line":191,"column":2},"end":{"line":198,"column":null}},"type":"if","locations":[{"start":{"line":191,"column":2},"end":{"line":198,"column":null}},{"start":{},"end":{}}],"line":191},"11":{"loc":{"start":{"line":204,"column":10},"end":{"line":204,"column":null}},"type":"cond-expr","locations":[{"start":{"line":204,"column":24},"end":{"line":204,"column":56}},{"start":{"line":204,"column":56},"end":{"line":204,"column":null}}],"line":204},"12":{"loc":{"start":{"line":209,"column":10},"end":{"line":209,"column":null}},"type":"cond-expr","locations":[{"start":{"line":209,"column":24},"end":{"line":209,"column":44}},{"start":{"line":209,"column":44},"end":{"line":209,"column":null}}],"line":209},"13":{"loc":{"start":{"line":212,"column":9},"end":{"line":212,"column":null}},"type":"cond-expr","locations":[{"start":{"line":212,"column":23},"end":{"line":212,"column":37}},{"start":{"line":212,"column":37},"end":{"line":212,"column":null}}],"line":212},"14":{"loc":{"start":{"line":232,"column":2},"end":{"line":232,"column":16}},"type":"default-arg","locations":[{"start":{"line":232,"column":14},"end":{"line":232,"column":16}}],"line":232},"15":{"loc":{"start":{"line":234,"column":2},"end":{"line":234,"column":null}},"type":"if","locations":[{"start":{"line":234,"column":2},"end":{"line":234,"column":null}},{"start":{},"end":{}}],"line":234},"16":{"loc":{"start":{"line":234,"column":6},"end":{"line":234,"column":39}},"type":"binary-expr","locations":[{"start":{"line":234,"column":6},"end":{"line":234,"column":21}},{"start":{"line":234,"column":21},"end":{"line":234,"column":39}}],"line":234},"17":{"loc":{"start":{"line":242,"column":9},"end":{"line":246,"column":null}},"type":"cond-expr","locations":[{"start":{"line":243,"column":12},"end":{"line":243,"column":55}},{"start":{"line":244,"column":12},"end":{"line":246,"column":null}}],"line":242},"18":{"loc":{"start":{"line":244,"column":12},"end":{"line":246,"column":null}},"type":"cond-expr","locations":[{"start":{"line":245,"column":14},"end":{"line":245,"column":43}},{"start":{"line":246,"column":14},"end":{"line":246,"column":null}}],"line":244},"19":{"loc":{"start":{"line":265,"column":2},"end":{"line":265,"column":16}},"type":"default-arg","locations":[{"start":{"line":265,"column":14},"end":{"line":265,"column":16}}],"line":265},"20":{"loc":{"start":{"line":271,"column":4},"end":{"line":271,"column":null}},"type":"if","locations":[{"start":{"line":271,"column":4},"end":{"line":271,"column":null}},{"start":{},"end":{}}],"line":271},"21":{"loc":{"start":{"line":271,"column":8},"end":{"line":271,"column":36}},"type":"binary-expr","locations":[{"start":{"line":271,"column":8},"end":{"line":271,"column":22}},{"start":{"line":271,"column":22},"end":{"line":271,"column":36}}],"line":271},"22":{"loc":{"start":{"line":280,"column":2},"end":{"line":280,"column":null}},"type":"if","locations":[{"start":{"line":280,"column":2},"end":{"line":280,"column":null}},{"start":{},"end":{}}],"line":280},"23":{"loc":{"start":{"line":282,"column":14},"end":{"line":282,"column":null}},"type":"cond-expr","locations":[{"start":{"line":282,"column":28},"end":{"line":282,"column":56}},{"start":{"line":282,"column":56},"end":{"line":282,"column":null}}],"line":282},"24":{"loc":{"start":{"line":298,"column":11},"end":{"line":298,"column":null}},"type":"cond-expr","locations":[{"start":{"line":298,"column":25},"end":{"line":298,"column":46}},{"start":{"line":298,"column":46},"end":{"line":298,"column":null}}],"line":298},"25":{"loc":{"start":{"line":315,"column":2},"end":{"line":315,"column":19}},"type":"default-arg","locations":[{"start":{"line":315,"column":14},"end":{"line":315,"column":19}}],"line":315},"26":{"loc":{"start":{"line":316,"column":2},"end":{"line":316,"column":16}},"type":"default-arg","locations":[{"start":{"line":316,"column":14},"end":{"line":316,"column":16}}],"line":316},"27":{"loc":{"start":{"line":322,"column":4},"end":{"line":322,"column":null}},"type":"if","locations":[{"start":{"line":322,"column":4},"end":{"line":322,"column":null}},{"start":{},"end":{}}],"line":322},"28":{"loc":{"start":{"line":322,"column":8},"end":{"line":322,"column":53}},"type":"binary-expr","locations":[{"start":{"line":322,"column":8},"end":{"line":322,"column":22}},{"start":{"line":322,"column":22},"end":{"line":322,"column":38}},{"start":{"line":322,"column":38},"end":{"line":322,"column":53}}],"line":322},"29":{"loc":{"start":{"line":331,"column":2},"end":{"line":331,"column":null}},"type":"if","locations":[{"start":{"line":331,"column":2},"end":{"line":331,"column":null}},{"start":{},"end":{}}],"line":331},"30":{"loc":{"start":{"line":331,"column":6},"end":{"line":331,"column":51}},"type":"binary-expr","locations":[{"start":{"line":331,"column":6},"end":{"line":331,"column":20}},{"start":{"line":331,"column":20},"end":{"line":331,"column":36}},{"start":{"line":331,"column":36},"end":{"line":331,"column":51}}],"line":331},"31":{"loc":{"start":{"line":333,"column":29},"end":{"line":333,"column":53}},"type":"binary-expr","locations":[{"start":{"line":333,"column":29},"end":{"line":333,"column":44}},{"start":{"line":333,"column":44},"end":{"line":333,"column":53}}],"line":333},"32":{"loc":{"start":{"line":341,"column":10},"end":{"line":345,"column":null}},"type":"cond-expr","locations":[{"start":{"line":342,"column":14},"end":{"line":342,"column":null}},{"start":{"line":343,"column":14},"end":{"line":345,"column":null}}],"line":341},"33":{"loc":{"start":{"line":343,"column":14},"end":{"line":345,"column":null}},"type":"cond-expr","locations":[{"start":{"line":344,"column":16},"end":{"line":344,"column":null}},{"start":{"line":345,"column":16},"end":{"line":345,"column":null}}],"line":343},"34":{"loc":{"start":{"line":348,"column":9},"end":{"line":350,"column":null}},"type":"cond-expr","locations":[{"start":{"line":349,"column":12},"end":{"line":349,"column":42}},{"start":{"line":350,"column":12},"end":{"line":350,"column":null}}],"line":348},"35":{"loc":{"start":{"line":363,"column":2},"end":{"line":371,"column":null}},"type":"if","locations":[{"start":{"line":363,"column":2},"end":{"line":371,"column":null}},{"start":{"line":365,"column":9},"end":{"line":371,"column":null}}],"line":363},"36":{"loc":{"start":{"line":365,"column":9},"end":{"line":371,"column":null}},"type":"if","locations":[{"start":{"line":365,"column":9},"end":{"line":371,"column":null}},{"start":{"line":367,"column":9},"end":{"line":371,"column":null}}],"line":365},"37":{"loc":{"start":{"line":367,"column":9},"end":{"line":371,"column":null}},"type":"if","locations":[{"start":{"line":367,"column":9},"end":{"line":371,"column":null}},{"start":{"line":369,"column":9},"end":{"line":371,"column":null}}],"line":367}},"s":{"0":0,"1":0,"2":0,"3":0,"4":0,"5":0,"6":0,"7":0,"8":0,"9":0,"10":0,"11":0,"12":0,"13":0,"14":0,"15":0,"16":0,"17":0,"18":0,"19":0,"20":0,"21":0,"22":0,"23":0,"24":0,"25":0,"26":0,"27":0,"28":0,"29":0,"30":0,"31":0,"32":0,"33":0,"34":0,"35":0,"36":0,"37":0},"f":{"0":0,"1":0,"2":0,"3":0,"4":0,"5":0,"6":0,"7":0,"8":0,"9":0,"10":0,"11":0,"12":0,"13":0,"14":0,"15":0,"16":0,"17":0},"b":{"0":[0],"1":[0],"2":[0],"3":[0],"4":[0],"5":[0],"6":[0],"7":[0],"8":[0],"9":[0],"10":[0,0],"11":[0,0],"12":[0,0],"13":[0,0],"14":[0],"15":[0,0],"16":[0,0],"17":[0,0],"18":[0,0],"19":[0],"20":[0,0],"21":[0,0],"22":[0,0],"23":[0,0],"24":[0,0],"25":[0],"26":[0],"27":[0,0],"28":[0,0,0],"29":[0,0],"30":[0,0,0],"31":[0,0],"32":[0,0],"33":[0,0],"34":[0,0],"35":[0,0],"36":[0,0],"37":[0,0]},"meta":{"lastBranch":38,"lastFunction":18,"lastStatement":38,"seen":{"f:9:16:9:25":0,"b:9:39:9:41":0,"f:13:16:13:Infinity":1,"f:28:16:28:Infinity":2,"f:54:16:54:Infinity":3,"f:92:16:92:31":4,"b:93:9:93:17":1,"s:97:22:101:Infinity":0,"f:116:16:116:29":5,"b:117:12:117:24":2,"b:118:16:118:20":3,"b:119:14:119:16":4,"f:136:16:136:27":6,"b:137:12:137:34":5,"b:139:20:139:24":6,"b:140:14:140:16":7,"f:186:16:186:36":7,"b:188:14:188:19":8,"b:189:14:189:16":9,"b:191:2:198:Infinity:undefined:undefined:undefined:undefined":10,"s:191:2:198:Infinity":1,"b:204:24:204:56:204:56:204:Infinity":11,"b:209:24:209:44:209:44:209:Infinity":12,"b:212:23:212:37:212:37:212:Infinity":13,"f:227:16:227:31":8,"b:232:14:232:16":14,"b:234:2:234:Infinity:undefined:undefined:undefined:undefined":15,"s:234:2:234:Infinity":2,"b:234:6:234:21:234:21:234:39":16,"s:234:39:234:Infinity":3,"b:243:12:243:55:244:12:246:Infinity":17,"b:245:14:245:43:246:14:246:Infinity":18,"f:262:16:262:30":9,"b:265:14:265:16":19,"s:267:37:267:Infinity":4,"s:270:2:278:Infinity":5,"f:270:12:270:Infinity":10,"b:271:4:271:Infinity:undefined:undefined:undefined:undefined":20,"s:271:4:271:Infinity":6,"b:271:8:271:22:271:22:271:36":21,"s:271:36:271:Infinity":7,"s:273:21:275:Infinity":8,"f:273:33:273:Infinity":11,"s:274:6:274:Infinity":9,"s:277:4:277:Infinity":10,"f:277:11:277:17":12,"s:277:17:277:Infinity":11,"b:280:2:280:Infinity:undefined:undefined:undefined:undefined":22,"s:280:2:280:Infinity":12,"s:280:18:280:Infinity":13,"s:282:14:282:Infinity":14,"b:282:28:282:56:282:56:282:Infinity":23,"b:298:25:298:46:298:46:298:Infinity":24,"f:312:16:312:39":13,"b:315:14:315:19":25,"b:316:14:316:16":26,"s:318:37:318:Infinity":15,"s:321:2:329:Infinity":16,"f:321:12:321:Infinity":14,"b:322:4:322:Infinity:undefined:undefined:undefined:undefined":27,"s:322:4:322:Infinity":17,"b:322:8:322:22:322:22:322:38:322:38:322:53":28,"s:322:53:322:Infinity":18,"s:324:21:326:Infinity":19,"f:324:33:324:Infinity":15,"s:325:6:325:Infinity":20,"s:328:4:328:Infinity":21,"f:328:11:328:17":16,"s:328:17:328:Infinity":22,"b:331:2:331:Infinity:undefined:undefined:undefined:undefined":29,"s:331:2:331:Infinity":23,"b:331:6:331:20:331:20:331:36:331:36:331:51":30,"s:331:51:331:Infinity":24,"s:333:14:333:Infinity":25,"b:333:29:333:44:333:44:333:53":31,"s:334:18:334:30":26,"b:342:14:342:Infinity:343:14:345:Infinity":32,"b:344:16:344:Infinity:345:16:345:Infinity":33,"b:349:12:349:42:350:12:350:Infinity":34,"f:357:9:357:23":17,"s:358:18:358:Infinity":27,"s:359:18:359:Infinity":28,"s:360:16:360:Infinity":29,"s:361:15:361:Infinity":30,"b:363:2:371:Infinity:365:9:371:Infinity":35,"s:363:2:371:Infinity":31,"s:364:4:364:Infinity":32,"b:365:9:371:Infinity:367:9:371:Infinity":36,"s:365:9:371:Infinity":33,"s:366:4:366:Infinity":34,"b:367:9:371:Infinity:369:9:371:Infinity":37,"s:367:9:371:Infinity":35,"s:368:4:368:Infinity":36,"s:370:4:370:Infinity":37}}}
,"/Users/martin/Documents/GitHub/BondIT-ApS/NextDNS-Optimized-Analytics/frontend/src/components/LogsTable.tsx": {"path":"/Users/martin/Documents/GitHub/BondIT-ApS/NextDNS-Optimized-Analytics/frontend/src/components/LogsTable.tsx","statementMap":{"0":{"start":{"line":18,"column":13},"end":{"line":128,"column":null}},"1":{"start":{"line":20,"column":10},"end":{"line":22,"column":null}},"2":{"start":{"line":21,"column":6},"end":{"line":21,"column":null}},"3":{"start":{"line":24,"column":10},"end":{"line":32,"column":null}},"4":{"start":{"line":25,"column":6},"end":{"line":25,"column":null}},"5":{"start":{"line":25,"column":19},"end":{"line":25,"column":null}},"6":{"start":{"line":26,"column":6},"end":{"line":26,"column":null}},"7":{"start":{"line":26,"column":38},"end":{"line":26,"column":null}},"8":{"start":{"line":27,"column":6},"end":{"line":30,"column":null}},"9":{"start":{"line":131,"column":0},"end":{"line":131,"column":null}}},"fnMap":{"0":{"name":"(anonymous_0)","decl":{"start":{"line":19,"column":2},"end":{"line":19,"column":3}},"loc":{"start":{"line":19,"column":47},"end":{"line":128,"column":null}},"line":19},"1":{"name":"(anonymous_1)","decl":{"start":{"line":20,"column":35},"end":{"line":20,"column":36}},"loc":{"start":{"line":20,"column":36},"end":{"line":22,"column":7}},"line":20},"2":{"name":"(anonymous_2)","decl":{"start":{"line":24,"column":37},"end":{"line":24,"column":38}},"loc":{"start":{"line":24,"column":38},"end":{"line":32,"column":7}},"line":24}},"branchMap":{"0":{"loc":{"start":{"line":25,"column":6},"end":{"line":25,"column":null}},"type":"if","locations":[{"start":{"line":25,"column":6},"end":{"line":25,"column":null}},{"start":{},"end":{}}],"line":25},"1":{"loc":{"start":{"line":26,"column":6},"end":{"line":26,"column":null}},"type":"if","locations":[{"start":{"line":26,"column":6},"end":{"line":26,"column":null}},{"start":{},"end":{}}],"line":26},"2":{"loc":{"start":{"line":28,"column":8},"end":{"line":30,"column":null}},"type":"binary-expr","locations":[{"start":{"line":28,"column":8},"end":{"line":28,"column":55}},{"start":{"line":29,"column":8},"end":{"line":29,"column":53}},{"start":{"line":30,"column":8},"end":{"line":30,"column":null}}],"line":28},"3":{"loc":{"start":{"line":42,"column":13},"end":{"line":44,"column":null}},"type":"cond-expr","locations":[{"start":{"line":43,"column":16},"end":{"line":43,"column":51}},{"start":{"line":44,"column":16},"end":{"line":44,"column":null}}],"line":42},"4":{"loc":{"start":{"line":55,"column":17},"end":{"line":57,"column":null}},"type":"cond-expr","locations":[{"start":{"line":56,"column":20},"end":{"line":56,"column":null}},{"start":{"line":57,"column":20},"end":{"line":57,"column":null}}],"line":55},"5":{"loc":{"start":{"line":55,"column":17},"end":{"line":55,"column":null}},"type":"binary-expr","locations":[{"start":{"line":55,"column":17},"end":{"line":55,"column":41}},{"start":{"line":55,"column":41},"end":{"line":55,"column":null}}],"line":55}},"s":{"0":1,"1":0,"2":0,"3":0,"4":0,"5":0,"6":0,"7":0,"8":0,"9":1},"f":{"0":0,"1":0,"2":0},"b":{"0":[0,0],"1":[0,0],"2":[0,0,0],"3":[0,0],"4":[0,0],"5":[0,0]},"meta":{"lastBranch":6,"lastFunction":3,"lastStatement":10,"seen":{"s:18:13:128:Infinity":0,"f:19:2:19:3":0,"s:20:10:22:Infinity":1,"f:20:35:20:36":1,"s:21:6:21:Infinity":2,"s:24:10:32:Infinity":3,"f:24:37:24:38":2,"b:25:6:25:Infinity:undefined:undefined:undefined:undefined":0,"s:25:6:25:Infinity":4,"s:25:19:25:Infinity":5,"b:26:6:26:Infinity:undefined:undefined:undefined:undefined":1,"s:26:6:26:Infinity":6,"s:26:38:26:Infinity":7,"s:27:6:30:Infinity":8,"b:28:8:28:55:29:8:29:53:30:8:30:Infinity":2,"b:43:16:43:51:44:16:44:Infinity":3,"b:56:20:56:Infinity:57:20:57:Infinity":4,"b:55:17:55:41:55:41:55:Infinity":5,"s:131:0:131:Infinity":9}}}
,"/Users/martin/Documents/GitHub/BondIT-ApS/NextDNS-Optimized-Analytics/frontend/src/components/ProfileSelector.tsx": {"path":"/Users/martin/Documents/GitHub/BondIT-ApS/NextDNS-Optimized-Analytics/frontend/src/components/ProfileSelector.tsx","statementMap":{"0":{"start":{"line":14,"column":13},"end":{"line":181,"column":null}},"1":{"start":{"line":20,"column":5},"end":{"line":20,"column":null}},"2":{"start":{"line":22,"column":56},"end":{"line":22,"column":null}},"3":{"start":{"line":24,"column":10},"end":{"line":44,"column":null}},"4":{"start":{"line":25,"column":6},"end":{"line":25,"column":null}},"5":{"start":{"line":25,"column":35},"end":{"line":25,"column":null}},"6":{"start":{"line":29,"column":23},"end":{"line":29,"column":65}},"7":{"start":{"line":30,"column":30},"end":{"line":32,"column":45}},"8":{"start":{"line":34,"column":10},"end":{"line":41,"column":null}},"9":{"start":{"line":43,"column":24},"end":{"line":43,"column":53}},"10":{"start":{"line":46,"column":4},"end":{"line":63,"column":null}},"11":{"start":{"line":65,"column":4},"end":{"line":81,"column":null}},"12":{"start":{"line":83,"column":4},"end":{"line":100,"column":null}},"13":{"start":{"line":121,"column":29},"end":{"line":121,"column":null}},"14":{"start":{"line":128,"column":40},"end":{"line":128,"column":60}},"15":{"start":{"line":141,"column":31},"end":{"line":141,"column":null}},"16":{"start":{"line":184,"column":0},"end":{"line":184,"column":null}}},"fnMap":{"0":{"name":"(anonymous_0)","decl":{"start":{"line":15,"column":2},"end":{"line":15,"column":3}},"loc":{"start":{"line":15,"column":57},"end":{"line":181,"column":null}},"line":15},"1":{"name":"(anonymous_1)","decl":{"start":{"line":24,"column":35},"end":{"line":24,"column":null}},"loc":{"start":{"line":24,"column":35},"end":{"line":44,"column":7}},"line":24},"2":{"name":"(anonymous_2)","decl":{"start":{"line":28,"column":13},"end":{"line":28,"column":null}},"loc":{"start":{"line":28,"column":13},"end":{"line":42,"column":null}},"line":28},"3":{"name":"(anonymous_3)","decl":{"start":{"line":43,"column":14},"end":{"line":43,"column":15}},"loc":{"start":{"line":43,"column":24},"end":{"line":43,"column":53}},"line":43},"4":{"name":"(anonymous_4)","decl":{"start":{"line":121,"column":23},"end":{"line":121,"column":29}},"loc":{"start":{"line":121,"column":29},"end":{"line":121,"column":null}},"line":121},"5":{"name":"(anonymous_5)","decl":{"start":{"line":128,"column":28},"end":{"line":128,"column":29}},"loc":{"start":{"line":128,"column":40},"end":{"line":128,"column":60}},"line":128},"6":{"name":"(anonymous_6)","decl":{"start":{"line":141,"column":25},"end":{"line":141,"column":31}},"loc":{"start":{"line":141,"column":31},"end":{"line":141,"column":null}},"line":141}},"branchMap":{"0":{"loc":{"start":{"line":15,"column":39},"end":{"line":15,"column":55}},"type":"default-arg","locations":[{"start":{"line":15,"column":51},"end":{"line":15,"column":55}}],"line":15},"1":{"loc":{"start":{"line":25,"column":6},"end":{"line":25,"column":null}},"type":"if","locations":[{"start":{"line":25,"column":6},"end":{"line":25,"column":null}},{"start":{},"end":{}}],"line":25},"2":{"loc":{"start":{"line":30,"column":30},"end":{"line":32,"column":45}},"type":"cond-expr","locations":[{"start":{"line":31,"column":14},"end":{"line":31,"column":52}},{"start":{"line":32,"column":14},"end":{"line":32,"column":45}}],"line":30},"3":{"loc":{"start":{"line":46,"column":4},"end":{"line":63,"column":null}},"type":"if","locations":[{"start":{"line":46,"column":4},"end":{"line":63,"column":null}},{"start":{},"end":{}}],"line":46},"4":{"loc":{"start":{"line":46,"column":8},"end":{"line":46,"column":40}},"type":"binary-expr","locations":[{"start":{"line":46,"column":8},"end":{"line":46,"column":27}},{"start":{"line":46,"column":27},"end":{"line":46,"column":40}}],"line":46},"5":{"loc":{"start":{"line":65,"column":4},"end":{"line":81,"column":null}},"type":"if","locations":[{"start":{"line":65,"column":4},"end":{"line":81,"column":null}},{"start":{},"end":{}}],"line":65},"6":{"loc":{"start":{"line":65,"column":8},"end":{"line":65,"column":40}},"type":"binary-expr","locations":[{"start":{"line":65,"column":8},"end":{"line":65,"column":25}},{"start":{"line":65,"column":25},"end":{"line":65,"column":40}}],"line":65},"7":{"loc":{"start":{"line":83,"column":4},"end":{"line":100,"column":null}},"type":"if","locations":[{"start":{"line":83,"column":4},"end":{"line":100,"column":null}},{"start":{},"end":{}}],"line":83},"8":{"loc":{"start":{"line":119,"column":23},"end":{"line":119,"column":null}},"type":"cond-expr","locations":[{"start":{"line":119,"column":42},"end":{"line":119,"column":54}},{"start":{"line":119,"column":54},"end":{"line":119,"column":null}}],"line":119},"9":{"loc":{"start":{"line":139,"column":25},"end":{"line":139,"column":null}},"type":"cond-expr","locations":[{"start":{"line":139,"column":58},"end":{"line":139,"column":70}},{"start":{"line":139,"column":70},"end":{"line":139,"column":null}}],"line":139},"10":{"loc":{"start":{"line":157,"column":24},"end":{"line":157,"column":null}},"type":"cond-expr","locations":[{"start":{"line":157,"column":57},"end":{"line":157,"column":71}},{"start":{"line":157,"column":71},"end":{"line":157,"column":null}}],"line":157}},"s":{"0":1,"1":0,"2":0,"3":0,"4":0,"5":0,"6":0,"7":0,"8":0,"9":0,"10":0,"11":0,"12":0,"13":0,"14":0,"15":0,"16":1},"f":{"0":0,"1":0,"2":0,"3":0,"4":0,"5":0,"6":0},"b":{"0":[0],"1":[0,0],"2":[0,0],"3":[0,0],"4":[0,0],"5":[0,0],"6":[0,0],"7":[0,0],"8":[0,0],"9":[0,0],"10":[0,0]},"meta":{"lastBranch":11,"lastFunction":7,"lastStatement":17,"seen":{"s:14:13:181:Infinity":0,"f:15:2:15:3":0,"b:15:51:15:55":0,"s:20:5:20:Infinity":1,"s:22:56:22:Infinity":2,"s:24:10:44:Infinity":3,"f:24:35:24:Infinity":1,"b:25:6:25:Infinity:undefined:undefined:undefined:undefined":1,"s:25:6:25:Infinity":4,"s:25:35:25:Infinity":5,"f:28:13:28:Infinity":2,"s:29:23:29:65":6,"s:30:30:32:45":7,"b:31:14:31:52:32:14:32:45":2,"s:34:10:41:Infinity":8,"f:43:14:43:15":3,"s:43:24:43:53":9,"b:46:4:63:Infinity:undefined:undefined:undefined:undefined":3,"s:46:4:63:Infinity":10,"b:46:8:46:27:46:27:46:40":4,"b:65:4:81:Infinity:undefined:undefined:undefined:undefined":5,"s:65:4:81:Infinity":11,"b:65:8:65:25:65:25:65:40":6,"b:83:4:100:Infinity:undefined:undefined:undefined:undefined":7,"s:83:4:100:Infinity":12,"b:119:42:119:54:119:54:119:Infinity":8,"f:121:23:121:29":4,"s:121:29:121:Infinity":13,"f:128:28:128:29":5,"s:128:40:128:60":14,"b:139:58:139:70:139:70:139:Infinity":9,"f:141:25:141:31":6,"s:141:31:141:Infinity":15,"b:157:57:157:71:157:71:157:Infinity":10,"s:184:0:184:Infinity":16}}}
,"/Users/martin/Documents/GitHub/BondIT-ApS/NextDNS-Optimized-Analytics/frontend/src/components/SearchInput.tsx": {"path":"/Users/martin/Documents/GitHub/BondIT-ApS/NextDNS-Optimized-Analytics/frontend/src/components/SearchInput.tsx","statementMap":{"0":{"start":{"line":11,"column":13},"end":{"line":67,"column":null}},"1":{"start":{"line":13,"column":10},"end":{"line":13,"column":null}},"2":{"start":{"line":14,"column":10},"end":{"line":14,"column":null}},"3":{"start":{"line":15,"column":10},"end":{"line":15,"column":null}},"4":{"start":{"line":16,"column":10},"end":{"line":16,"column":null}},"5":{"start":{"line":19,"column":4},"end":{"line":35,"column":null}},"6":{"start":{"line":20,"column":20},"end":{"line":20,"column":36}},"7":{"start":{"line":21,"column":6},"end":{"line":33,"column":null}},"8":{"start":{"line":24,"column":8},"end":{"line":32,"column":null}},"9":{"start":{"line":25,"column":10},"end":{"line":25,"column":null}},"10":{"start":{"line":27,"column":28},"end":{"line":29,"column":null}},"11":{"start":{"line":31,"column":10},"end":{"line":31,"column":null}},"12":{"start":{"line":34,"column":6},"end":{"line":34,"column":null}},"13":{"start":{"line":37,"column":24},"end":{"line":40,"column":null}},"14":{"start":{"line":38,"column":6},"end":{"line":38,"column":null}},"15":{"start":{"line":39,"column":6},"end":{"line":39,"column":null}},"16":{"start":{"line":42,"column":23},"end":{"line":44,"column":null}},"17":{"start":{"line":43,"column":6},"end":{"line":43,"column":null}},"18":{"start":{"line":46,"column":25},"end":{"line":49,"column":null}},"19":{"start":{"line":47,"column":6},"end":{"line":47,"column":null}},"20":{"start":{"line":48,"column":6},"end":{"line":48,"column":null}},"21":{"start":{"line":70,"column":0},"end":{"line":70,"column":null}}},"fnMap":{"0":{"name":"(anonymous_0)","decl":{"start":{"line":12,"column":2},"end":{"line":12,"column":3}},"loc":{"start":{"line":12,"column":49},"end":{"line":67,"column":null}},"line":12},"1":{"name":"(anonymous_1)","decl":{"start":{"line":19,"column":20},"end":{"line":19,"column":null}},"loc":{"start":{"line":19,"column":20},"end":{"line":35,"column":null}},"line":19},"2":{"name":"(anonymous_2)","decl":{"start":{"line":37,"column":24},"end":{"line":37,"column":25}},"loc":{"start":{"line":37,"column":25},"end":{"line":40,"column":null}},"line":37},"3":{"name":"(anonymous_3)","decl":{"start":{"line":42,"column":23},"end":{"line":42,"column":null}},"loc":{"start":{"line":42,"column":23},"end":{"line":44,"column":null}},"line":42},"4":{"name":"(anonymous_4)","decl":{"start":{"line":46,"column":25},"end":{"line":46,"column":26}},"loc":{"start":{"line":46,"column":26},"end":{"line":49,"column":null}},"line":46}},"branchMap":{"0":{"loc":{"start":{"line":12,"column":22},"end":{"line":12,"column":47}},"type":"default-arg","locations":[{"start":{"line":12,"column":36},"end":{"line":12,"column":47}}],"line":12},"1":{"loc":{"start":{"line":21,"column":6},"end":{"line":33,"column":null}},"type":"if","locations":[{"start":{"line":21,"column":6},"end":{"line":33,"column":null}},{"start":{},"end":{}}],"line":21},"2":{"loc":{"start":{"line":21,"column":10},"end":{"line":21,"column":39}},"type":"binary-expr","locations":[{"start":{"line":21,"column":10},"end":{"line":21,"column":19}},{"start":{"line":21,"column":19},"end":{"line":21,"column":39}}],"line":21},"3":{"loc":{"start":{"line":24,"column":8},"end":{"line":32,"column":null}},"type":"if","locations":[{"start":{"line":24,"column":8},"end":{"line":32,"column":null}},{"start":{},"end":{}}],"line":24},"4":{"loc":{"start":{"line":39,"column":38},"end":{"line":39,"column":null}},"type":"binary-expr","locations":[{"start":{"line":39,"column":38},"end":{"line":39,"column":61}},{"start":{"line":39,"column":65},"end":{"line":39,"column":null}}],"line":39},"5":{"loc":{"start":{"line":47,"column":38},"end":{"line":47,"column":null}},"type":"binary-expr","locations":[{"start":{"line":47,"column":38},"end":{"line":47,"column":61}},{"start":{"line":47,"column":65},"end":{"line":47,"column":null}}],"line":47}},"s":{"0":1,"1":0,"2":0,"3":0,"4":0,"5":0,"6":0,"7":0,"8":0,"9":0,"10":0,"11":0,"12":0,"13":0,"14":0,"15":0,"16":0,"17":0,"18":0,"19":0,"20":0,"21":1},"f":{"0":0,"1":0,"2":0,"3":0,"4":0},"b":{"0":[0],"1":[0,0],"2":[0,0],"3":[0,0],"4":[0,0],"5":[0,0]},"meta":{"lastBranch":6,"lastFunction":5,"lastStatement":22,"seen":{"s:11:13:67:Infinity":0,"f:12:2:12:3":0,"b:12:36:12:47":0,"s:13:10:13:Infinity":1,"s:14:10:14:Infinity":2,"s:15:10:15:Infinity":3,"s:16:10:16:Infinity":4,"s:19:4:35:Infinity":5,"f:19:20:19:Infinity":1,"s:20:20:20:36":6,"b:21:6:33:Infinity:undefined:undefined:undefined:undefined":1,"s:21:6:33:Infinity":7,"b:21:10:21:19:21:19:21:39":2,"b:24:8:32:Infinity:undefined:undefined:undefined:undefined":3,"s:24:8:32:Infinity":8,"s:25:10:25:Infinity":9,"s:27:28:29:Infinity":10,"s:31:10:31:Infinity":11,"s:34:6:34:Infinity":12,"s:37:24:40:Infinity":13,"f:37:24:37:25":2,"s:38:6:38:Infinity":14,"s:39:6:39:Infinity":15,"b:39:38:39:61:39:65:39:Infinity":4,"s:42:23:44:Infinity":16,"f:42:23:42:Infinity":3,"s:43:6:43:Infinity":17,"s:46:25:49:Infinity":18,"f:46:25:46:26":4,"s:47:6:47:Infinity":19,"b:47:38:47:61:47:65:47:Infinity":5,"s:48:6:48:Infinity":20,"s:70:0:70:Infinity":21}}}
,"/Users/martin/Documents/GitHub/BondIT-ApS/NextDNS-Optimized-Analytics/frontend/src/components/StatsCards.tsx": {"path":"/Users/martin/Documents/GitHub/BondIT-ApS/NextDNS-Optimized-Analytics/frontend/src/components/StatsCards.tsx","statementMap":{"0":{"start":{"line":19,"column":13},"end":{"line":71,"column":null}},"1":{"start":{"line":74,"column":0},"end":{"line":74,"column":null}}},"fnMap":{"0":{"name":"(anonymous_0)","decl":{"start":{"line":20,"column":2},"end":{"line":20,"column":3}},"loc":{"start":{"line":20,"column":48},"end":{"line":71,"column":null}},"line":20}},"branchMap":{"0":{"loc":{"start":{"line":33,"column":15},"end":{"line":35,"column":null}},"type":"cond-expr","locations":[{"start":{"line":34,"column":18},"end":{"line":34,"column":86}},{"start":{"line":35,"column":18},"end":{"line":35,"column":null}}],"line":33},"1":{"loc":{"start":{"line":33,"column":15},"end":{"line":33,"column":null}},"type":"binary-expr","locations":[{"start":{"line":33,"column":15},"end":{"line":33,"column":39}},{"start":{"line":33,"column":39},"end":{"line":33,"column":null}}],"line":33}},"s":{"0":1,"1":1},"f":{"0":0},"b":{"0":[0,0],"1":[0,0]},"meta":{"lastBranch":2,"lastFunction":1,"lastStatement":2,"seen":{"s:19:13:71:Infinity":0,"f:20:2:20:3":0,"b:34:18:34:86:35:18:35:Infinity":0,"b:33:15:33:39:33:39:33:Infinity":1,"s:74:0:74:Infinity":1}}}
,"/Users/martin/Documents/GitHub/BondIT-ApS/NextDNS-Optimized-Analytics/frontend/src/components/analytics/DeviceAnalytics.tsx": {"path":"/Users/martin/Documents/GitHub/BondIT-ApS/NextDNS-Optimized-Analytics/frontend/src/components/analytics/DeviceAnalytics.tsx","statementMap":{"0":{"start":{"line":46,"column":8},"end":{"line":46,"column":null}},"1":{"start":{"line":47,"column":29},"end":{"line":47,"column":null}},"2":{"start":{"line":48,"column":29},"end":{"line":48,"column":null}},"3":{"start":{"line":49,"column":25},"end":{"line":49,"column":null}},"4":{"start":{"line":52,"column":37},"end":{"line":52,"column":null}},"5":{"start":{"line":53,"column":45},"end":{"line":55,"column":null}},"6":{"start":{"line":56,"column":39},"end":{"line":56,"column":null}},"7":{"start":{"line":57,"column":33},"end":{"line":57,"column":null}},"8":{"start":{"line":58,"column":33},"end":{"line":58,"column":null}},"9":{"start":{"line":61,"column":8},"end":{"line":89,"column":null}},"10":{"start":{"line":62,"column":4},"end":{"line":62,"column":null}},"11":{"start":{"line":63,"column":4},"end":{"line":63,"column":null}},"12":{"start":{"line":65,"column":4},"end":{"line":88,"column":null}},"13":{"start":{"line":66,"column":37},"end":{"line":71,"column":null}},"14":{"start":{"line":73,"column":23},"end":{"line":77,"column":null}},"15":{"start":{"line":80,"column":6},"end":{"line":80,"column":null}},"16":{"start":{"line":82,"column":6},"end":{"line":82,"column":null}},"17":{"start":{"line":83,"column":6},"end":{"line":84,"column":null}},"18":{"start":{"line":87,"column":6},"end":{"line":87,"column":null}},"19":{"start":{"line":91,"column":2},"end":{"line":93,"column":null}},"20":{"start":{"line":92,"column":4},"end":{"line":92,"column":null}},"21":{"start":{"line":96,"column":8},"end":{"line":133,"column":null}},"22":{"start":{"line":97,"column":19},"end":{"line":97,"column":null}},"23":{"start":{"line":100,"column":4},"end":{"line":105,"column":null}},"24":{"start":{"line":101,"column":20},"end":{"line":101,"column":null}},"25":{"start":{"line":102,"column":6},"end":{"line":103,"column":null}},"26":{"start":{"line":103,"column":8},"end":{"line":103,"column":null}},"27":{"start":{"line":108,"column":4},"end":{"line":129,"column":null}},"28":{"start":{"line":109,"column":36},"end":{"line":109,"column":48}},"29":{"start":{"line":110,"column":36},"end":{"line":110,"column":48}},"30":{"start":{"line":113,"column":6},"end":{"line":116,"column":null}},"31":{"start":{"line":114,"column":8},"end":{"line":114,"column":null}},"32":{"start":{"line":115,"column":8},"end":{"line":115,"column":null}},"33":{"start":{"line":119,"column":6},"end":{"line":122,"column":null}},"34":{"start":{"line":120,"column":8},"end":{"line":120,"column":null}},"35":{"start":{"line":121,"column":8},"end":{"line":121,"column":null}},"36":{"start":{"line":124,"column":6},"end":{"line":128,"column":null}},"37":{"start":{"line":125,"column":8},"end":{"line":125,"column":null}},"38":{"start":{"line":127,"column":8},"end":{"line":127,"column":null}},"39":{"start":{"line":132,"column":4},"end":{"line":132,"column":null}},"40":{"start":{"line":136,"column":24},"end":{"line":158,"column":null}},"41":{"start":{"line":137,"column":17},"end":{"line":137,"column":null}},"42":{"start":{"line":138,"column":4},"end":{"line":146,"column":null}},"43":{"start":{"line":147,"column":4},"end":{"line":153,"column":null}},"44":{"start":{"line":154,"column":4},"end":{"line":156,"column":null}},"45":{"start":{"line":161,"column":29},"end":{"line":173,"column":null}},"46":{"start":{"line":162,"column":16},"end":{"line":162,"column":null}},"47":{"start":{"line":163,"column":21},"end":{"line":163,"column":null}},"48":{"start":{"line":164,"column":19},"end":{"line":164,"column":null}},"49":{"start":{"line":165,"column":21},"end":{"line":165,"column":null}},"50":{"start":{"line":166,"column":22},"end":{"line":166,"column":null}},"51":{"start":{"line":167,"column":21},"end":{"line":167,"column":null}},"52":{"start":{"line":169,"column":4},"end":{"line":169,"column":null}},"53":{"start":{"line":169,"column":22},"end":{"line":169,"column":null}},"54":{"start":{"line":170,"column":4},"end":{"line":170,"column":null}},"55":{"start":{"line":170,"column":23},"end":{"line":170,"column":null}},"56":{"start":{"line":171,"column":4},"end":{"line":171,"column":null}},"57":{"start":{"line":171,"column":24},"end":{"line":171,"column":null}},"58":{"start":{"line":172,"column":4},"end":{"line":172,"column":null}},"59":{"start":{"line":176,"column":32},"end":{"line":184,"column":null}},"60":{"start":{"line":177,"column":4},"end":{"line":183,"column":null}},"61":{"start":{"line":178,"column":6},"end":{"line":182,"column":null}},"62":{"start":{"line":179,"column":8},"end":{"line":179,"column":null}},"63":{"start":{"line":179,"column":35},"end":{"line":179,"column":null}},"64":{"start":{"line":181,"column":8},"end":{"line":181,"column":null}},"65":{"start":{"line":187,"column":26},"end":{"line":189,"column":null}},"66":{"start":{"line":188,"column":4},"end":{"line":188,"column":null}},"67":{"start":{"line":192,"column":25},"end":{"line":208,"column":null}},"68":{"start":{"line":193,"column":19},"end":{"line":193,"column":null}},"69":{"start":{"line":196,"column":4},"end":{"line":198,"column":null}},"70":{"start":{"line":197,"column":6},"end":{"line":197,"column":null}},"71":{"start":{"line":199,"column":4},"end":{"line":201,"column":null}},"72":{"start":{"line":200,"column":6},"end":{"line":200,"column":null}},"73":{"start":{"line":204,"column":4},"end":{"line":204,"column":null}},"74":{"start":{"line":207,"column":4},"end":{"line":207,"column":null}},"75":{"start":{"line":210,"column":2},"end":{"line":224,"column":null}},"76":{"start":{"line":226,"column":2},"end":{"line":244,"column":null}},"77":{"start":{"line":269,"column":31},"end":{"line":269,"column":null}},"78":{"start":{"line":281,"column":29},"end":{"line":281,"column":null}},"79":{"start":{"line":294,"column":16},"end":{"line":294,"column":null}},"80":{"start":{"line":294,"column":38},"end":{"line":294,"column":null}},"81":{"start":{"line":313,"column":29},"end":{"line":313,"column":null}},"82":{"start":{"line":338,"column":35},"end":{"line":338,"column":null}},"83":{"start":{"line":446,"column":35},"end":{"line":446,"column":null}},"84":{"start":{"line":460,"column":35},"end":{"line":460,"column":null}},"85":{"start":{"line":488,"column":18},"end":{"line":488,"column":null}},"86":{"start":{"line":489,"column":18},"end":{"line":489,"column":null}}},"fnMap":{"0":{"name":"DeviceAnalytics","decl":{"start":{"line":41,"column":16},"end":{"line":41,"column":32}},"loc":{"start":{"line":45,"column":23},"end":{"line":519,"column":null}},"line":45},"1":{"name":"(anonymous_1)","decl":{"start":{"line":61,"column":38},"end":{"line":61,"column":null}},"loc":{"start":{"line":61,"column":38},"end":{"line":89,"column":5}},"line":61},"2":{"name":"(anonymous_2)","decl":{"start":{"line":91,"column":12},"end":{"line":91,"column":null}},"loc":{"start":{"line":91,"column":12},"end":{"line":93,"column":5}},"line":91},"3":{"name":"(anonymous_3)","decl":{"start":{"line":96,"column":43},"end":{"line":96,"column":null}},"loc":{"start":{"line":96,"column":43},"end":{"line":133,"column":5}},"line":96},"4":{"name":"(anonymous_4)","decl":{"start":{"line":102,"column":33},"end":{"line":102,"column":null}},"loc":{"start":{"line":103,"column":8},"end":{"line":103,"column":null}},"line":103},"5":{"name":"(anonymous_5)","decl":{"start":{"line":108,"column":34},"end":{"line":108,"column":35}},"loc":{"start":{"line":108,"column":38},"end":{"line":129,"column":null}},"line":108},"6":{"name":"(anonymous_6)","decl":{"start":{"line":136,"column":24},"end":{"line":136,"column":25}},"loc":{"start":{"line":136,"column":25},"end":{"line":158,"column":null}},"line":136},"7":{"name":"(anonymous_7)","decl":{"start":{"line":161,"column":29},"end":{"line":161,"column":30}},"loc":{"start":{"line":161,"column":30},"end":{"line":173,"column":null}},"line":161},"8":{"name":"(anonymous_8)","decl":{"start":{"line":176,"column":32},"end":{"line":176,"column":33}},"loc":{"start":{"line":176,"column":33},"end":{"line":184,"column":null}},"line":176},"9":{"name":"(anonymous_9)","decl":{"start":{"line":177,"column":23},"end":{"line":177,"column":null}},"loc":{"start":{"line":177,"column":23},"end":{"line":183,"column":null}},"line":177},"10":{"name":"(anonymous_10)","decl":{"start":{"line":179,"column":27},"end":{"line":179,"column":35}},"loc":{"start":{"line":179,"column":35},"end":{"line":179,"column":null}},"line":179},"11":{"name":"(anonymous_11)","decl":{"start":{"line":187,"column":26},"end":{"line":187,"column":null}},"loc":{"start":{"line":187,"column":26},"end":{"line":189,"column":null}},"line":187},"12":{"name":"(anonymous_12)","decl":{"start":{"line":192,"column":25},"end":{"line":192,"column":26}},"loc":{"start":{"line":192,"column":26},"end":{"line":208,"column":null}},"line":192},"13":{"name":"(anonymous_13)","decl":{"start":{"line":269,"column":26},"end":{"line":269,"column":31}},"loc":{"start":{"line":269,"column":31},"end":{"line":269,"column":null}},"line":269},"14":{"name":"(anonymous_14)","decl":{"start":{"line":281,"column":24},"end":{"line":281,"column":29}},"loc":{"start":{"line":281,"column":29},"end":{"line":281,"column":null}},"line":281},"15":{"name":"(anonymous_15)","decl":{"start":{"line":293,"column":23},"end":{"line":293,"column":null}},"loc":{"start":{"line":294,"column":16},"end":{"line":294,"column":null}},"line":294},"16":{"name":"(anonymous_16)","decl":{"start":{"line":294,"column":29},"end":{"line":294,"column":38}},"loc":{"start":{"line":294,"column":38},"end":{"line":294,"column":null}},"line":294},"17":{"name":"(anonymous_17)","decl":{"start":{"line":313,"column":24},"end":{"line":313,"column":29}},"loc":{"start":{"line":313,"column":29},"end":{"line":313,"column":null}},"line":313},"18":{"name":"(anonymous_18)","decl":{"start":{"line":338,"column":29},"end":{"line":338,"column":35}},"loc":{"start":{"line":338,"column":35},"end":{"line":338,"column":null}},"line":338},"19":{"name":"(anonymous_19)","decl":{"start":{"line":446,"column":29},"end":{"line":446,"column":35}},"loc":{"start":{"line":446,"column":35},"end":{"line":446,"column":null}},"line":446},"20":{"name":"(anonymous_20)","decl":{"start":{"line":460,"column":29},"end":{"line":460,"column":35}},"loc":{"start":{"line":460,"column":35},"end":{"line":460,"column":null}},"line":460},"21":{"name":"(anonymous_21)","decl":{"start":{"line":487,"column":25},"end":{"line":487,"column":null}},"loc":{"start":{"line":487,"column":25},"end":{"line":490,"column":null}},"line":487}},"branchMap":{"0":{"loc":{"start":{"line":43,"column":2},"end":{"line":43,"column":19}},"type":"default-arg","locations":[{"start":{"line":43,"column":14},"end":{"line":43,"column":19}}],"line":43},"1":{"loc":{"start":{"line":44,"column":2},"end":{"line":44,"column":16}},"type":"default-arg","locations":[{"start":{"line":44,"column":14},"end":{"line":44,"column":16}}],"line":44},"2":{"loc":{"start":{"line":67,"column":17},"end":{"line":67,"column":null}},"type":"binary-expr","locations":[{"start":{"line":67,"column":17},"end":{"line":67,"column":36}},{"start":{"line":67,"column":36},"end":{"line":67,"column":null}}],"line":67},"3":{"loc":{"start":{"line":70,"column":17},"end":{"line":70,"column":null}},"type":"cond-expr","locations":[{"start":{"line":70,"column":46},"end":{"line":70,"column":64}},{"start":{"line":70,"column":64},"end":{"line":70,"column":null}}],"line":70},"4":{"loc":{"start":{"line":84,"column":8},"end":{"line":84,"column":null}},"type":"cond-expr","locations":[{"start":{"line":84,"column":31},"end":{"line":84,"column":42}},{"start":{"line":84,"column":45},"end":{"line":84,"column":null}}],"line":84},"5":{"loc":{"start":{"line":100,"column":4},"end":{"line":105,"column":null}},"type":"if","locations":[{"start":{"line":100,"column":4},"end":{"line":105,"column":null}},{"start":{},"end":{}}],"line":100},"6":{"loc":{"start":{"line":113,"column":6},"end":{"line":116,"column":null}},"type":"if","locations":[{"start":{"line":113,"column":6},"end":{"line":116,"column":null}},{"start":{},"end":{}}],"line":113},"7":{"loc":{"start":{"line":119,"column":6},"end":{"line":122,"column":null}},"type":"if","locations":[{"start":{"line":119,"column":6},"end":{"line":122,"column":null}},{"start":{},"end":{}}],"line":119},"8":{"loc":{"start":{"line":124,"column":6},"end":{"line":128,"column":null}},"type":"if","locations":[{"start":{"line":124,"column":6},"end":{"line":128,"column":null}},{"start":{"line":126,"column":13},"end":{"line":128,"column":null}}],"line":124},"9":{"loc":{"start":{"line":125,"column":15},"end":{"line":125,"column":null}},"type":"cond-expr","locations":[{"start":{"line":125,"column":33},"end":{"line":125,"column":38}},{"start":{"line":125,"column":38},"end":{"line":125,"column":null}}],"line":125},"10":{"loc":{"start":{"line":125,"column":38},"end":{"line":125,"column":null}},"type":"cond-expr","locations":[{"start":{"line":125,"column":56},"end":{"line":125,"column":60}},{"start":{"line":125,"column":60},"end":{"line":125,"column":null}}],"line":125},"11":{"loc":{"start":{"line":127,"column":15},"end":{"line":127,"column":null}},"type":"cond-expr","locations":[{"start":{"line":127,"column":33},"end":{"line":127,"column":38}},{"start":{"line":127,"column":38},"end":{"line":127,"column":null}}],"line":127},"12":{"loc":{"start":{"line":127,"column":38},"end":{"line":127,"column":null}},"type":"cond-expr","locations":[{"start":{"line":127,"column":56},"end":{"line":127,"column":60}},{"start":{"line":127,"column":60},"end":{"line":127,"column":null}}],"line":127},"13":{"loc":{"start":{"line":138,"column":4},"end":{"line":146,"column":null}},"type":"if","locations":[{"start":{"line":138,"column":4},"end":{"line":146,"column":null}},{"start":{},"end":{}}],"line":138},"14":{"loc":{"start":{"line":139,"column":6},"end":{"line":143,"column":null}},"type":"binary-expr","locations":[{"start":{"line":139,"column":6},"end":{"line":139,"column":null}},{"start":{"line":140,"column":6},"end":{"line":140,"column":null}},{"start":{"line":141,"column":6},"end":{"line":141,"column":null}},{"start":{"line":142,"column":6},"end":{"line":142,"column":null}},{"start":{"line":143,"column":6},"end":{"line":143,"column":null}}],"line":139},"15":{"loc":{"start":{"line":147,"column":4},"end":{"line":153,"column":null}},"type":"if","locations":[{"start":{"line":147,"column":4},"end":{"line":153,"column":null}},{"start":{},"end":{}}],"line":147},"16":{"loc":{"start":{"line":148,"column":6},"end":{"line":150,"column":null}},"type":"binary-expr","locations":[{"start":{"line":148,"column":6},"end":{"line":148,"column":null}},{"start":{"line":149,"column":6},"end":{"line":149,"column":null}},{"start":{"line":150,"column":6},"end":{"line":150,"column":null}}],"line":148},"17":{"loc":{"start":{"line":154,"column":4},"end":{"line":156,"column":null}},"type":"if","locations":[{"start":{"line":154,"column":4},"end":{"line":156,"column":null}},{"start":{},"end":{}}],"line":154},"18":{"loc":{"start":{"line":154,"column":8},"end":{"line":154,"column":61}},"type":"binary-expr","locations":[{"start":{"line":154,"column":8},"end":{"line":154,"column":35}},{"start":{"line":154,"column":35},"end":{"line":154,"column":61}}],"line":154},"19":{"loc":{"start":{"line":169,"column":4},"end":{"line":169,"column":null}},"type":"if","locations":[{"start":{"line":169,"column":4},"end":{"line":169,"column":null}},{"start":{},"end":{}}],"line":169},"20":{"loc":{"start":{"line":170,"column":4},"end":{"line":170,"column":null}},"type":"if","locations":[{"start":{"line":170,"column":4},"end":{"line":170,"column":null}},{"start":{},"end":{}}],"line":170},"21":{"loc":{"start":{"line":171,"column":4},"end":{"line":171,"column":null}},"type":"if","locations":[{"start":{"line":171,"column":4},"end":{"line":171,"column":null}},{"start":{},"end":{}}],"line":171},"22":{"loc":{"start":{"line":178,"column":6},"end":{"line":182,"column":null}},"type":"if","locations":[{"start":{"line":178,"column":6},"end":{"line":182,"column":null}},{"start":{"line":180,"column":13},"end":{"line":182,"column":null}}],"line":178},"23":{"loc":{"start":{"line":196,"column":4},"end":{"line":198,"column":null}},"type":"if","locations":[{"start":{"line":196,"column":4},"end":{"line":198,"column":null}},{"start":{},"end":{}}],"line":196},"24":{"loc":{"start":{"line":199,"column":4},"end":{"line":201,"column":null}},"type":"if","locations":[{"start":{"line":199,"column":4},"end":{"line":201,"column":null}},{"start":{},"end":{}}],"line":199},"25":{"loc":{"start":{"line":210,"column":2},"end":{"line":224,"column":null}},"type":"if","locations":[{"start":{"line":210,"column":2},"end":{"line":224,"column":null}},{"start":{},"end":{}}],"line":210},"26":{"loc":{"start":{"line":226,"column":2},"end":{"line":244,"column":null}},"type":"if","locations":[{"start":{"line":226,"column":2},"end":{"line":244,"column":null}},{"start":{},"end":{}}],"line":226},"27":{"loc":{"start":{"line":294,"column":38},"end":{"line":294,"column":null}},"type":"cond-expr","locations":[{"start":{"line":294,"column":55},"end":{"line":294,"column":64}},{"start":{"line":294,"column":64},"end":{"line":294,"column":null}}],"line":294},"28":{"loc":{"start":{"line":303,"column":15},"end":{"line":303,"column":null}},"type":"cond-expr","locations":[{"start":{"line":303,"column":37},"end":{"line":303,"column":51}},{"start":{"line":303,"column":51},"end":{"line":303,"column":null}}],"line":303},"29":{"loc":{"start":{"line":448,"column":22},"end":{"line":450,"column":null}},"type":"cond-expr","locations":[{"start":{"line":449,"column":26},"end":{"line":449,"column":null}},{"start":{"line":450,"column":26},"end":{"line":450,"column":null}}],"line":448},"30":{"loc":{"start":{"line":453,"column":21},"end":{"line":455,"column":null}},"type":"cond-expr","locations":[{"start":{"line":454,"column":24},"end":{"line":454,"column":null}},{"start":{"line":455,"column":24},"end":{"line":455,"column":null}}],"line":453},"31":{"loc":{"start":{"line":480,"column":15},"end":{"line":482,"column":null}},"type":"cond-expr","locations":[{"start":{"line":481,"column":18},"end":{"line":481,"column":92}},{"start":{"line":482,"column":18},"end":{"line":482,"column":null}}],"line":480},"32":{"loc":{"start":{"line":507,"column":17},"end":{"line":507,"column":null}},"type":"binary-expr","locations":[{"start":{"line":507,"column":17},"end":{"line":507,"column":32}},{"start":{"line":507,"column":32},"end":{"line":507,"column":null}}],"line":507},"33":{"loc":{"start":{"line":511,"column":17},"end":{"line":511,"column":null}},"type":"binary-expr","locations":[{"start":{"line":511,"column":17},"end":{"line":511,"column":36}},{"start":{"line":511,"column":36},"end":{"line":511,"column":null}}],"line":511}},"s":{"0":0,"1":0,"2":0,"3":0,"4":0,"5":0,"6":0,"7":0,"8":0,"9":0,"10":0,"11":0,"12":0,"13":0,"14":0,"15":0,"16":0,"17":0,"18":0,"19":0,"20":0,"21":0,"22":0,"23":0,"24":0,"25":0,"26":0,"27":0,"28":0,"29":0,"30":0,"31":0,"32":0,"33":0,"34":0,"35":0,"36":0,"37":0,"38":0,"39":0,"40":0,"41":0,"42":0,"43":0,"44":0,"45":0,"46":0,"47":0,"48":0,"49":0,"50":0,"51":0,"52":0,"53":0,"54":0,"55":0,"56":0,"57":0,"58":0,"59":0,"60":0,"61":0,"62":0,"63":0,"64":0,"65":0,"66":0,"67":0,"68":0,"69":0,"70":0,"71":0,"72":0,"73":0,"74":0,"75":0,"76":0,"77":0,"78":0,"79":0,"80":0,"81":0,"82":0,"83":0,"84":0,"85":0,"86":0},"f":{"0":0,"1":0,"2":0,"3":0,"4":0,"5":0,"6":0,"7":0,"8":0,"9":0,"10":0,"11":0,"12":0,"13":0,"14":0,"15":0,"16":0,"17":0,"18":0,"19":0,"20":0,"21":0},"b":{"0":[0],"1":[0],"2":[0,0],"3":[0,0],"4":[0,0],"5":[0,0],"6":[0,0],"7":[0,0],"8":[0,0],"9":[0,0],"10":[0,0],"11":[0,0],"12":[0,0],"13":[0,0],"14":[0,0,0,0,0],"15":[0,0],"16":[0,0,0],"17":[0,0],"18":[0,0],"19":[0,0],"20":[0,0],"21":[0,0],"22":[0,0],"23":[0,0],"24":[0,0],"25":[0,0],"26":[0,0],"27":[0,0],"28":[0,0],"29":[0,0],"30":[0,0],"31":[0,0],"32":[0,0],"33":[0,0]},"meta":{"lastBranch":34,"lastFunction":22,"lastStatement":87,"seen":{"f:41:16:41:32":0,"b:43:14:43:19":0,"b:44:14:44:16":1,"s:46:8:46:Infinity":0,"s:47:29:47:Infinity":1,"s:48:29:48:Infinity":2,"s:49:25:49:Infinity":3,"s:52:37:52:Infinity":4,"s:53:45:55:Infinity":5,"s:56:39:56:Infinity":6,"s:57:33:57:Infinity":7,"s:58:33:58:Infinity":8,"s:61:8:89:Infinity":9,"f:61:38:61:Infinity":1,"s:62:4:62:Infinity":10,"s:63:4:63:Infinity":11,"s:65:4:88:Infinity":12,"s:66:37:71:Infinity":13,"b:67:17:67:36:67:36:67:Infinity":2,"b:70:46:70:64:70:64:70:Infinity":3,"s:73:23:77:Infinity":14,"s:80:6:80:Infinity":15,"s:82:6:82:Infinity":16,"s:83:6:84:Infinity":17,"b:84:31:84:42:84:45:84:Infinity":4,"s:87:6:87:Infinity":18,"s:91:2:93:Infinity":19,"f:91:12:91:Infinity":2,"s:92:4:92:Infinity":20,"s:96:8:133:Infinity":21,"f:96:43:96:Infinity":3,"s:97:19:97:Infinity":22,"b:100:4:105:Infinity:undefined:undefined:undefined:undefined":5,"s:100:4:105:Infinity":23,"s:101:20:101:Infinity":24,"s:102:6:103:Infinity":25,"f:102:33:102:Infinity":4,"s:103:8:103:Infinity":26,"s:108:4:129:Infinity":27,"f:108:34:108:35":5,"s:109:36:109:48":28,"s:110:36:110:48":29,"b:113:6:116:Infinity:undefined:undefined:undefined:undefined":6,"s:113:6:116:Infinity":30,"s:114:8:114:Infinity":31,"s:115:8:115:Infinity":32,"b:119:6:122:Infinity:undefined:undefined:undefined:undefined":7,"s:119:6:122:Infinity":33,"s:120:8:120:Infinity":34,"s:121:8:121:Infinity":35,"b:124:6:128:Infinity:126:13:128:Infinity":8,"s:124:6:128:Infinity":36,"s:125:8:125:Infinity":37,"b:125:33:125:38:125:38:125:Infinity":9,"b:125:56:125:60:125:60:125:Infinity":10,"s:127:8:127:Infinity":38,"b:127:33:127:38:127:38:127:Infinity":11,"b:127:56:127:60:127:60:127:Infinity":12,"s:132:4:132:Infinity":39,"s:136:24:158:Infinity":40,"f:136:24:136:25":6,"s:137:17:137:Infinity":41,"b:138:4:146:Infinity:undefined:undefined:undefined:undefined":13,"s:138:4:146:Infinity":42,"b:139:6:139:Infinity:140:6:140:Infinity:141:6:141:Infinity:142:6:142:Infinity:143:6:143:Infinity":14,"b:147:4:153:Infinity:undefined:undefined:undefined:undefined":15,"s:147:4:153:Infinity":43,"b:148:6:148:Infinity:149:6:149:Infinity:150:6:150:Infinity":16,"b:154:4:156:Infinity:undefined:undefined:undefined:undefined":17,"s:154:4:156:Infinity":44,"b:154:8:154:35:154:35:154:61":18,"s:161:29:173:Infinity":45,"f:161:29:161:30":7,"s:162:16:162:Infinity":46,"s:163:21:163:Infinity":47,"s:164:19:164:Infinity":48,"s:165:21:165:Infinity":49,"s:166:22:166:Infinity":50,"s:167:21:167:Infinity":51,"b:169:4:169:Infinity:undefined:undefined:undefined:undefined":19,"s:169:4:169:Infinity":52,"s:169:22:169:Infinity":53,"b:170:4:170:Infinity:undefined:undefined:undefined:undefined":20,"s:170:4:170:Infinity":54,"s:170:23:170:Infinity":55,"b:171:4:171:Infinity:undefined:undefined:undefined:undefined":21,"s:171:4:171:Infinity":56,"s:171:24:171:Infinity":57,"s:172:4:172:Infinity":58,"s:176:32:184:Infinity":59,"f:176:32:176:33":8,"s:177:4:183:Infinity":60,"f:177:23:177:Infinity":9,"b:178:6:182:Infinity:180:13:182:Infinity":22,"s:178:6:182:Infinity":61,"s:179:8:179:Infinity":62,"f:179:27:179:35":10,"s:179:35:179:Infinity":63,"s:181:8:181:Infinity":64,"s:187:26:189:Infinity":65,"f:187:26:187:Infinity":11,"s:188:4:188:Infinity":66,"s:192:25:208:Infinity":67,"f:192:25:192:26":12,"s:193:19:193:Infinity":68,"b:196:4:198:Infinity:undefined:undefined:undefined:undefined":23,"s:196:4:198:Infinity":69,"s:197:6:197:Infinity":70,"b:199:4:201:Infinity:undefined:undefined:undefined:undefined":24,"s:199:4:201:Infinity":71,"s:200:6:200:Infinity":72,"s:204:4:204:Infinity":73,"s:207:4:207:Infinity":74,"b:210:2:224:Infinity:undefined:undefined:undefined:undefined":25,"s:210:2:224:Infinity":75,"b:226:2:244:Infinity:undefined:undefined:undefined:undefined":26,"s:226:2:244:Infinity":76,"f:269:26:269:31":13,"s:269:31:269:Infinity":77,"f:281:24:281:29":14,"s:281:29:281:Infinity":78,"f:293:23:293:Infinity":15,"s:294:16:294:Infinity":79,"f:294:29:294:38":16,"s:294:38:294:Infinity":80,"b:294:55:294:64:294:64:294:Infinity":27,"b:303:37:303:51:303:51:303:Infinity":28,"f:313:24:313:29":17,"s:313:29:313:Infinity":81,"f:338:29:338:35":18,"s:338:35:338:Infinity":82,"f:446:29:446:35":19,"s:446:35:446:Infinity":83,"b:449:26:449:Infinity:450:26:450:Infinity":29,"b:454:24:454:Infinity:455:24:455:Infinity":30,"f:460:29:460:35":20,"s:460:35:460:Infinity":84,"b:481:18:481:92:482:18:482:Infinity":31,"f:487:25:487:Infinity":21,"s:488:18:488:Infinity":85,"s:489:18:489:Infinity":86,"b:507:17:507:32:507:32:507:Infinity":32,"b:511:17:511:36:511:36:511:Infinity":33}}}
,"/Users/martin/Documents/GitHub/BondIT-ApS/NextDNS-Optimized-Analytics/frontend/src/components/auth/ProtectedRoute.tsx": {"path":"/Users/martin/Documents/GitHub/BondIT-ApS/NextDNS-Optimized-Analytics/frontend/src/components/auth/ProtectedRoute.tsx","statementMap":{"0":{"start":{"line":10,"column":61},"end":{"line":39,"column":null}},"1":{"start":{"line":11,"column":51},"end":{"line":11,"column":null}},"2":{"start":{"line":14,"column":2},"end":{"line":25,"column":null}},"3":{"start":{"line":28,"column":2},"end":{"line":30,"column":null}},"4":{"start":{"line":33,"column":2},"end":{"line":35,"column":null}}},"fnMap":{"0":{"name":"(anonymous_0)","decl":{"start":{"line":10,"column":61},"end":{"line":10,"column":62}},"loc":{"start":{"line":10,"column":74},"end":{"line":39,"column":null}},"line":10}},"branchMap":{"0":{"loc":{"start":{"line":14,"column":2},"end":{"line":25,"column":null}},"type":"if","locations":[{"start":{"line":14,"column":2},"end":{"line":25,"column":null}},{"start":{},"end":{}}],"line":14},"1":{"loc":{"start":{"line":28,"column":2},"end":{"line":30,"column":null}},"type":"if","locations":[{"start":{"line":28,"column":2},"end":{"line":30,"column":null}},{"start":{},"end":{}}],"line":28},"2":{"loc":{"start":{"line":33,"column":2},"end":{"line":35,"column":null}},"type":"if","locations":[{"start":{"line":33,"column":2},"end":{"line":35,"column":null}},{"start":{},"end":{}}],"line":33}},"s":{"0":1,"1":2,"2":2,"3":0,"4":0},"f":{"0":2},"b":{"0":[2,0],"1":[0,0],"2":[0,0]},"meta":{"lastBranch":3,"lastFunction":1,"lastStatement":5,"seen":{"s:10:61:39:Infinity":0,"f:10:61:10:62":0,"s:11:51:11:Infinity":1,"b:14:2:25:Infinity:undefined:undefined:undefined:undefined":0,"s:14:2:25:Infinity":2,"b:28:2:30:Infinity:undefined:undefined:undefined:undefined":1,"s:28:2:30:Infinity":3,"b:33:2:35:Infinity:undefined:undefined:undefined:undefined":2,"s:33:2:35:Infinity":4}}}
[...]
86:6:196:Infinity":65,"s:187:26:187:Infinity":66,"s:188:8:191:Infinity":67,"s:193:8:194:Infinity":68,"s:197:29:197:Infinity":69,"s:198:6:198:Infinity":70,"s:199:6:199:Infinity":71,"s:202:6:204:Infinity":72,"s:206:30:207:Infinity":73,"b:209:6:215:Infinity:undefined:undefined:undefined:undefined":12,"s:209:6:215:Infinity":74,"s:210:26:210:Infinity":75,"s:211:8:211:Infinity":76,"s:212:8:213:Infinity":77,"s:216:26:216:Infinity":78,"s:217:6:217:Infinity":79,"s:218:6:218:Infinity":80,"s:221:6:221:Infinity":81,"s:222:27:223:Infinity":82,"b:225:6:231:Infinity:undefined:undefined:undefined:undefined":13,"s:225:6:231:Infinity":83,"s:226:26:226:Infinity":84,"s:227:8:227:Infinity":85,"s:228:8:229:Infinity":86,"s:232:23:232:Infinity":87,"s:233:6:233:Infinity":88,"s:234:6:234:Infinity":89,"s:236:6:236:Infinity":90,"s:237:6:237:Infinity":91,"b:237:38:237:49:237:52:237:Infinity":14,"s:239:6:239:Infinity":92,"s:244:2:266:Infinity":93,"f:244:12:244:Infinity":4,"s:245:26:264:Infinity":94,"f:245:26:245:Infinity":5,"s:246:6:263:Infinity":95,"s:247:25:247:Infinity":96,"b:248:8:252:Infinity:undefined:undefined:undefined:undefined":15,"s:248:8:252:Infinity":97,"s:249:31:249:Infinity":98,"s:250:10:250:Infinity":99,"s:251:10:251:Infinity":100,"s:255:29:255:Infinity":101,"b:256:8:260:Infinity:undefined:undefined:undefined:undefined":16,"s:256:8:260:Infinity":102,"s:257:35:257:Infinity":103,"s:258:10:258:Infinity":104,"s:259:10:259:Infinity":105,"s:262:8:262:Infinity":106,"s:265:4:265:Infinity":107,"s:269:2:271:Infinity":108,"f:269:12:269:Infinity":6,"s:270:4:270:Infinity":109,"s:274:23:278:Infinity":110,"f:274:23:274:24":7,"b:275:4:275:Infinity:undefined:undefined:undefined:undefined":17,"s:275:4:275:Infinity":111,"s:275:24:275:Infinity":112,"b:276:4:276:Infinity:undefined:undefined:undefined:undefined":18,"s:276:4:276:Infinity":113,"s:276:21:276:Infinity":114,"s:277:4:277:Infinity":115,"s:280:27:280:64":116,"f:280:27:280:28":8,"s:280:44:280:64":117,"b:309:53:309:65:309:65:309:Infinity":19,"f:311:25:311:31":9,"s:311:31:311:Infinity":118,"f:315:38:315:Infinity":10,"s:316:36:316:78":119,"s:317:36:319:51":120,"b:318:20:318:65:319:20:319:51":20,"b:326:26:326:Infinity:327:26:327:Infinity":21,"f:330:29:330:35":11,"s:330:35:330:Infinity":121,"b:354:55:354:67:354:67:354:Infinity":22,"f:356:27:356:33":12,"s:356:33:356:Infinity":122,"b:431:19:431:46:431:50:431:Infinity":23,"b:446:19:446:46:446:50:446:Infinity":24,"b:487:46:487:58:487:58:487:Infinity":25}}}
,"/Users/martin/Documents/GitHub/BondIT-ApS/NextDNS-Optimized-Analytics/frontend/src/services/api.ts": {"path":"/Users/martin/Documents/GitHub/BondIT-ApS/NextDNS-Optimized-Analytics/frontend/src/services/api.ts","statementMap":{"0":{"start":{"line":16,"column":12},"end":{"line":22,"column":null}},"1":{"start":{"line":25,"column":0},"end":{"line":33,"column":null}},"2":{"start":{"line":27,"column":18},"end":{"line":27,"column":null}},"3":{"start":{"line":28,"column":4},"end":{"line":30,"column":null}},"4":{"start":{"line":29,"column":6},"end":{"line":29,"column":null}},"5":{"start":{"line":31,"column":4},"end":{"line":31,"column":null}},"6":{"start":{"line":33,"column":11},"end":{"line":33,"column":null}},"7":{"start":{"line":37,"column":0},"end":{"line":54,"column":null}},"8":{"start":{"line":38,"column":31},"end":{"line":38,"column":null}},"9":{"start":{"line":41,"column":4},"end":{"line":47,"column":null}},"10":{"start":{"line":45,"column":6},"end":{"line":45,"column":null}},"11":{"start":{"line":46,"column":6},"end":{"line":46,"column":null}},"12":{"start":{"line":49,"column":4},"end":{"line":53,"column":null}},"13":{"start":{"line":58,"column":25},"end":{"line":163,"column":null}},"14":{"start":{"line":61,"column":21},"end":{"line":61,"column":null}},"15":{"start":{"line":62,"column":4},"end":{"line":62,"column":null}},"16":{"start":{"line":66,"column":21},"end":{"line":66,"column":null}},"17":{"start":{"line":67,"column":4},"end":{"line":67,"column":null}},"18":{"start":{"line":72,"column":21},"end":{"line":72,"column":null}},"19":{"start":{"line":73,"column":4},"end":{"line":73,"column":null}},"20":{"start":{"line":80,"column":19},"end":{"line":80,"column":null}},"21":{"start":{"line":82,"column":4},"end":{"line":84,"column":null}},"22":{"start":{"line":83,"column":6},"end":{"line":83,"column":null}},"23":{"start":{"line":83,"column":40},"end":{"line":83,"column":null}},"24":{"start":{"line":85,"column":4},"end":{"line":85,"column":null}},"25":{"start":{"line":85,"column":23},"end":{"line":85,"column":null}},"26":{"start":{"line":86,"column":4},"end":{"line":86,"column":null}},"27":{"start":{"line":86,"column":24},"end":{"line":86,"column":null}},"28":{"start":{"line":87,"column":4},"end":{"line":87,"column":null}},"29":{"start":{"line":87,"column":24},"end":{"line":87,"column":null}},"30":{"start":{"line":88,"column":4},"end":{"line":89,"column":null}},"31":{"start":{"line":89,"column":6},"end":{"line":89,"column":null}},"32":{"start":{"line":90,"column":4},"end":{"line":90,"column":null}},"33":{"start":{"line":90,"column":25},"end":{"line":90,"column":null}},"34":{"start":{"line":91,"column":4},"end":{"line":93,"column":null}},"35":{"start":{"line":92,"column":6},"end":{"line":92,"column":null}},"36":{"start":{"line":92,"column":40},"end":{"line":92,"column":null}},"37":{"start":{"line":94,"column":4},"end":{"line":94,"column":null}},"38":{"start":{"line":94,"column":28},"end":{"line":94,"column":null}},"39":{"start":{"line":96,"column":21},"end":{"line":96,"column":null}},"40":{"start":{"line":97,"column":4},"end":{"line":97,"column":null}},"41":{"start":{"line":101,"column":19},"end":{"line":101,"column":null}},"42":{"start":{"line":102,"column":4},"end":{"line":102,"column":null}},"43":{"start":{"line":102,"column":17},"end":{"line":102,"column":null}},"44":{"start":{"line":104,"column":21},"end":{"line":104,"column":null}},"45":{"start":{"line":105,"column":4},"end":{"line":105,"column":null}},"46":{"start":{"line":110,"column":21},"end":{"line":110,"column":null}},"47":{"start":{"line":111,"column":4},"end":{"line":111,"column":null}},"48":{"start":{"line":115,"column":21},"end":{"line":115,"column":null}},"49":{"start":{"line":116,"column":4},"end":{"line":116,"column":null}},"50":{"start":{"line":120,"column":21},"end":{"line":120,"column":null}},"51":{"start":{"line":121,"column":4},"end":{"line":121,"column":null}},"52":{"start":{"line":129,"column":19},"end":{"line":129,"column":null}},"53":{"start":{"line":130,"column":4},"end":{"line":130,"column":null}},"54":{"start":{"line":130,"column":17},"end":{"line":130,"column":null}},"55":{"start":{"line":131,"column":4},"end":{"line":131,"column":null}},"56":{"start":{"line":133,"column":21},"end":{"line":133,"column":null}},"57":{"start":{"line":134,"column":4},"end":{"line":134,"column":null}},"58":{"start":{"line":144,"column":19},"end":{"line":144,"column":null}},"59":{"start":{"line":145,"column":4},"end":{"line":145,"column":null}},"60":{"start":{"line":145,"column":17},"end":{"line":145,"column":null}},"61":{"start":{"line":146,"column":4},"end":{"line":146,"column":null}},"62":{"start":{"line":147,"column":4},"end":{"line":147,"column":null}},"63":{"start":{"line":148,"column":4},"end":{"line":150,"column":null}},"64":{"start":{"line":149,"column":6},"end":{"line":149,"column":null}},"65":{"start":{"line":149,"column":32},"end":{"line":149,"column":null}},"66":{"start":{"line":152,"column":21},"end":{"line":152,"column":null}},"67":{"start":{"line":153,"column":4},"end":{"line":153,"column":null}},"68":{"start":{"line":158,"column":21},"end":{"line":158,"column":null}},"69":{"start":{"line":159,"column":4},"end":{"line":159,"column":null}}},"fnMap":{"0":{"name":"(anonymous_0)","decl":{"start":{"line":26,"column":2},"end":{"line":26,"column":null}},"loc":{"start":{"line":26,"column":2},"end":{"line":32,"column":null}},"line":26},"1":{"name":"(anonymous_1)","decl":{"start":{"line":33,"column":2},"end":{"line":33,"column":11}},"loc":{"start":{"line":33,"column":11},"end":{"line":33,"column":null}},"line":33},"2":{"name":"(anonymous_2)","decl":{"start":{"line":38,"column":2},"end":{"line":38,"column":3}},"loc":{"start":{"line":38,"column":31},"end":{"line":38,"column":null}},"line":38},"3":{"name":"(anonymous_3)","decl":{"start":{"line":39,"column":2},"end":{"line":39,"column":3}},"loc":{"start":{"line":39,"column":3},"end":{"line":54,"column":null}},"line":39},"4":{"name":"(anonymous_4)","decl":{"start":{"line":60,"column":8},"end":{"line":60,"column":null}},"loc":{"start":{"line":60,"column":8},"end":{"line":63,"column":null}},"line":60},"5":{"name":"(anonymous_5)","decl":{"start":{"line":65,"column":8},"end":{"line":65,"column":null}},"loc":{"start":{"line":65,"column":8},"end":{"line":68,"column":null}},"line":65},"6":{"name":"(anonymous_6)","decl":{"start":{"line":71,"column":8},"end":{"line":71,"column":null}},"loc":{"start":{"line":71,"column":8},"end":{"line":74,"column":null}},"line":71},"7":{"name":"(anonymous_7)","decl":{"start":{"line":77,"column":8},"end":{"line":77,"column":null}},"loc":{"start":{"line":78,"column":50},"end":{"line":98,"column":null}},"line":78},"8":{"name":"(anonymous_8)","decl":{"start":{"line":83,"column":30},"end":{"line":83,"column":40}},"loc":{"start":{"line":83,"column":40},"end":{"line":83,"column":null}},"line":83},"9":{"name":"(anonymous_9)","decl":{"start":{"line":92,"column":30},"end":{"line":92,"column":40}},"loc":{"start":{"line":92,"column":40},"end":{"line":92,"column":null}},"line":92},"10":{"name":"(anonymous_10)","decl":{"start":{"line":100,"column":8},"end":{"line":100,"column":21}},"loc":{"start":{"line":100,"column":37},"end":{"line":106,"column":null}},"line":100},"11":{"name":"(anonymous_11)","decl":{"start":{"line":109,"column":8},"end":{"line":109,"column":null}},"loc":{"start":{"line":109,"column":8},"end":{"line":112,"column":null}},"line":109},"12":{"name":"(anonymous_12)","decl":{"start":{"line":114,"column":8},"end":{"line":114,"column":null}},"loc":{"start":{"line":114,"column":8},"end":{"line":117,"column":null}},"line":114},"13":{"name":"(anonymous_13)","decl":{"start":{"line":119,"column":8},"end":{"line":119,"column":23}},"loc":{"start":{"line":119,"column":40},"end":{"line":122,"column":null}},"line":119},"14":{"name":"(anonymous_14)","decl":{"start":{"line":125,"column":8},"end":{"line":125,"column":null}},"loc":{"start":{"line":127,"column":29},"end":{"line":135,"column":null}},"line":127},"15":{"name":"(anonymous_15)","decl":{"start":{"line":138,"column":8},"end":{"line":138,"column":null}},"loc":{"start":{"line":142,"column":26},"end":{"line":154,"column":null}},"line":142},"16":{"name":"(anonymous_16)","decl":{"start":{"line":149,"column":22},"end":{"line":149,"column":32}},"loc":{"start":{"line":149,"column":32},"end":{"line":149,"column":null}},"line":149},"17":{"name":"(anonymous_17)","decl":{"start":{"line":157,"column":8},"end":{"line":157,"column":null}},"loc":{"start":{"line":157,"column":8},"end":{"line":160,"column":null}},"line":157}},"branchMap":{"0":{"loc":{"start":{"line":28,"column":4},"end":{"line":30,"column":null}},"type":"if","locations":[{"start":{"line":28,"column":4},"end":{"line":30,"column":null}},{"start":{},"end":{}}],"line":28},"1":{"loc":{"start":{"line":41,"column":4},"end":{"line":47,"column":null}},"type":"if","locations":[{"start":{"line":41,"column":4},"end":{"line":47,"column":null}},{"start":{},"end":{}}],"line":41},"2":{"loc":{"start":{"line":42,"column":6},"end":{"line":43,"column":null}},"type":"binary-expr","locations":[{"start":{"line":42,"column":6},"end":{"line":42,"column":null}},{"start":{"line":43,"column":6},"end":{"line":43,"column":null}}],"line":42},"3":{"loc":{"start":{"line":78,"column":4},"end":{"line":78,"column":50}},"type":"default-arg","locations":[{"start":{"line":78,"column":48},"end":{"line":78,"column":50}}],"line":78},"4":{"loc":{"start":{"line":82,"column":4},"end":{"line":84,"column":null}},"type":"if","locations":[{"start":{"line":82,"column":4},"end":{"line":84,"column":null}},{"start":{},"end":{}}],"line":82},"5":{"loc":{"start":{"line":82,"column":8},"end":{"line":82,"column":55}},"type":"binary-expr","locations":[{"start":{"line":82,"column":8},"end":{"line":82,"column":23}},{"start":{"line":82,"column":27},"end":{"line":82,"column":55}}],"line":82},"6":{"loc":{"start":{"line":85,"column":4},"end":{"line":85,"column":null}},"type":"if","locations":[{"start":{"line":85,"column":4},"end":{"line":85,"column":null}},{"start":{},"end":{}}],"line":85},"7":{"loc":{"start":{"line":86,"column":4},"end":{"line":86,"column":null}},"type":"if","locations":[{"start":{"line":86,"column":4},"end":{"line":86,"column":null}},{"start":{},"end":{}}],"line":86},"8":{"loc":{"start":{"line":87,"column":4},"end":{"line":87,"column":null}},"type":"if","locations":[{"start":{"line":87,"column":4},"end":{"line":87,"column":null}},{"start":{},"end":{}}],"line":87},"9":{"loc":{"start":{"line":88,"column":4},"end":{"line":89,"column":null}},"type":"if","locations":[{"start":{"line":88,"column":4},"end":{"line":89,"column":null}},{"start":{},"end":{}}],"line":88},"10":{"loc":{"start":{"line":88,"column":8},"end":{"line":88,"column":null}},"type":"binary-expr","locations":[{"start":{"line":88,"column":8},"end":{"line":88,"column":22}},{"start":{"line":88,"column":26},"end":{"line":88,"column":null}}],"line":88},"11":{"loc":{"start":{"line":90,"column":4},"end":{"line":90,"column":null}},"type":"if","locations":[{"start":{"line":90,"column":4},"end":{"line":90,"column":null}},{"start":{},"end":{}}],"line":90},"12":{"loc":{"start":{"line":91,"column":4},"end":{"line":93,"column":null}},"type":"if","locations":[{"start":{"line":91,"column":4},"end":{"line":93,"column":null}},{"start":{},"end":{}}],"line":91},"13":{"loc":{"start":{"line":91,"column":8},"end":{"line":91,"column":55}},"type":"binary-expr","locations":[{"start":{"line":91,"column":8},"end":{"line":91,"column":23}},{"start":{"line":91,"column":27},"end":{"line":91,"column":55}}],"line":91},"14":{"loc":{"start":{"line":94,"column":4},"end":{"line":94,"column":null}},"type":"if","locations":[{"start":{"line":94,"column":4},"end":{"line":94,"column":null}},{"start":{},"end":{}}],"line":94},"15":{"loc":{"start":{"line":102,"column":4},"end":{"line":102,"column":null}},"type":"if","locations":[{"start":{"line":102,"column":4},"end":{"line":102,"column":null}},{"start":{},"end":{}}],"line":102},"16":{"loc":{"start":{"line":127,"column":4},"end":{"line":127,"column":29}},"type":"default-arg","locations":[{"start":{"line":127,"column":24},"end":{"line":127,"column":29}}],"line":127},"17":{"loc":{"start":{"line":130,"column":4},"end":{"line":130,"column":null}},"type":"if","locations":[{"start":{"line":130,"column":4},"end":{"line":130,"column":null}},{"start":{},"end":{}}],"line":130},"18":{"loc":{"start":{"line":140,"column":4},"end":{"line":140,"column":29}},"type":"default-arg","locations":[{"start":{"line":140,"column":24},"end":{"line":140,"column":29}}],"line":140},"19":{"loc":{"start":{"line":141,"column":4},"end":{"line":141,"column":22}},"type":"default-arg","locations":[{"start":{"line":141,"column":20},"end":{"line":141,"column":22}}],"line":141},"20":{"loc":{"start":{"line":142,"column":4},"end":{"line":142,"column":26}},"type":"default-arg","locations":[{"start":{"line":142,"column":24},"end":{"line":142,"column":26}}],"line":142},"21":{"loc":{"start":{"line":145,"column":4},"end":{"line":145,"column":null}},"type":"if","locations":[{"start":{"line":145,"column":4},"end":{"line":145,"column":null}},{"start":{},"end":{}}],"line":145},"22":{"loc":{"start":{"line":148,"column":4},"end":{"line":150,"column":null}},"type":"if","locations":[{"start":{"line":148,"column":4},"end":{"line":150,"column":null}},{"start":{},"end":{}}],"line":148}},"s":{"0":1,"1":1,"2":0,"3":0,"4":0,"5":0,"6":0,"7":1,"8":0,"9":0,"10":0,"11":0,"12":0,"13":1,"14":0,"15":0,"16":0,"17":0,"18":0,"19":0,"20":0,"21":0,"22":0,"23":0,"24":0,"25":0,"26":0,"27":0,"28":0,"29":0,"30":0,"31":0,"32":0,"33":0,"34":0,"35":0,"36":0,"37":0,"38":0,"39":0,"40":0,"41":0,"42":0,"43":0,"44":0,"45":0,"46":0,"47":0,"48":0,"49":0,"50":0,"51":0,"52":0,"53":0,"54":0,"55":0,"56":0,"57":0,"58":0,"59":0,"60":0,"61":0,"62":0,"63":0,"64":0,"65":0,"66":0,"67":0,"68":0,"69":0},"f":{"0":0,"1":0,"2":0,"3":0,"4":0,"5":0,"6":0,"7":0,"8":0,"9":0,"10":0,"11":0,"12":0,"13":0,"14":0,"15":0,"16":0,"17":0},"b":{"0":[0,0],"1":[0,0],"2":[0,0],"3":[0],"4":[0,0],"5":[0,0],"6":[0,0],"7":[0,0],"8":[0,0],"9":[0,0],"10":[0,0],"11":[0,0],"12":[0,0],"13":[0,0],"14":[0,0],"15":[0,0],"16":[0],"17":[0,0],"18":[0],"19":[0],"20":[0],"21":[0,0],"22":[0,0]},"meta":{"lastBranch":23,"lastFunction":18,"lastStatement":70,"seen":{"s:16:12:22:Infinity":0,"s:25:0:33:Infinity":1,"f:26:2:26:Infinity":0,"s:27:18:27:Infinity":2,"b:28:4:30:Infinity:undefined:undefined:undefined:undefined":0,"s:28:4:30:Infinity":3,"s:29:6:29:Infinity":4,"s:31:4:31:Infinity":5,"f:33:2:33:11":1,"s:33:11:33:Infinity":6,"s:37:0:54:Infinity":7,"f:38:2:38:3":2,"s:38:31:38:Infinity":8,"f:39:2:39:3":3,"b:41:4:47:Infinity:undefined:undefined:undefined:undefined":1,"s:41:4:47:Infinity":9,"b:42:6:42:Infinity:43:6:43:Infinity":2,"s:45:6:45:Infinity":10,"s:46:6:46:Infinity":11,"s:49:4:53:Infinity":12,"s:58:25:163:Infinity":13,"f:60:8:60:Infinity":4,"s:61:21:61:Infinity":14,"s:62:4:62:Infinity":15,"f:65:8:65:Infinity":5,"s:66:21:66:Infinity":16,"s:67:4:67:Infinity":17,"f:71:8:71:Infinity":6,"s:72:21:72:Infinity":18,"s:73:4:73:Infinity":19,"f:77:8:77:Infinity":7,"b:78:48:78:50":3,"s:80:19:80:Infinity":20,"b:82:4:84:Infinity:undefined:undefined:undefined:undefined":4,"s:82:4:84:Infinity":21,"b:82:8:82:23:82:27:82:55":5,"s:83:6:83:Infinity":22,"f:83:30:83:40":8,"s:83:40:83:Infinity":23,"b:85:4:85:Infinity:undefined:undefined:undefined:undefined":6,"s:85:4:85:Infinity":24,"s:85:23:85:Infinity":25,"b:86:4:86:Infinity:undefined:undefined:undefined:undefined":7,"s:86:4:86:Infinity":26,"s:86:24:86:Infinity":27,"b:87:4:87:Infinity:undefined:undefined:undefined:undefined":8,"s:87:4:87:Infinity":28,"s:87:24:87:Infinity":29,"b:88:4:89:Infinity:undefined:undefined:undefined:undefined":9,"s:88:4:89:Infinity":30,"b:88:8:88:22:88:26:88:Infinity":10,"s:89:6:89:Infinity":31,"b:90:4:90:Infinity:undefined:undefined:undefined:undefined":11,"s:90:4:90:Infinity":32,"s:90:25:90:Infinity":33,"b:91:4:93:Infinity:undefined:undefined:undefined:undefined":12,"s:91:4:93:Infinity":34,"b:91:8:91:23:91:27:91:55":13,"s:92:6:92:Infinity":35,"f:92:30:92:40":9,"s:92:40:92:Infinity":36,"b:94:4:94:Infinity:undefined:undefined:undefined:undefined":14,"s:94:4:94:Infinity":37,"s:94:28:94:Infinity":38,"s:96:21:96:Infinity":39,"s:97:4:97:Infinity":40,"f:100:8:100:21":10,"s:101:19:101:Infinity":41,"b:102:4:102:Infinity:undefined:undefined:undefined:undefined":15,"s:102:4:102:Infinity":42,"s:102:17:102:Infinity":43,"s:104:21:104:Infinity":44,"s:105:4:105:Infinity":45,"f:109:8:109:Infinity":11,"s:110:21:110:Infinity":46,"s:111:4:111:Infinity":47,"f:114:8:114:Infinity":12,"s:115:21:115:Infinity":48,"s:116:4:116:Infinity":49,"f:119:8:119:23":13,"s:120:21:120:Infinity":50,"s:121:4:121:Infinity":51,"f:125:8:125:Infinity":14,"b:127:24:127:29":16,"s:129:19:129:Infinity":52,"b:130:4:130:Infinity:undefined:undefined:undefined:undefined":17,"s:130:4:130:Infinity":53,"s:130:17:130:Infinity":54,"s:131:4:131:Infinity":55,"s:133:21:133:Infinity":56,"s:134:4:134:Infinity":57,"f:138:8:138:Infinity":15,"b:140:24:140:29":18,"b:141:20:141:22":19,"b:142:24:142:26":20,"s:144:19:144:Infinity":58,"b:145:4:145:Infinity:undefined:undefined:undefined:undefined":21,"s:145:4:145:Infinity":59,"s:145:17:145:Infinity":60,"s:146:4:146:Infinity":61,"s:147:4:147:Infinity":62,"b:148:4:150:Infinity:undefined:undefined:undefined:undefined":22,"s:148:4:150:Infinity":63,"s:149:6:149:Infinity":64,"f:149:22:149:32":16,"s:149:32:149:Infinity":65,"s:152:21:152:Infinity":66,"s:153:4:153:Infinity":67,"f:157:8:157:Infinity":17,"s:158:21:158:Infinity":68,"s:159:4:159:Infinity":69}}}
}
