TN:
SF:src/App.tsx
FN:22,(anonymous_0)
FN:32,App
FNF:2
FNH:1
FNDA:0,(anonymous_0)
FNDA:2,App
DA:19,1
DA:24,0
LF:2
LH:1
BRF:0
BRH:0
end_of_record
TN:
SF:src/components/DeviceFilter.tsx
FN:31,(anonymous_0)
FN:46,(anonymous_1)
FN:48,(anonymous_2)
FN:53,(anonymous_3)
FN:56,(anonymous_4)
FN:62,(anonymous_5)
FN:66,(anonymous_6)
FN:70,(anonymous_7)
FN:71,(anonymous_8)
FN:113,(anonymous_9)
FN:143,(anonymous_10)
FN:174,(anonymous_11)
FN:186,(anonymous_12)
FN:212,(anonymous_13)
FN:218,(anonymous_14)
FNF:15
FNH:0
FNDA:0,(anonymous_0)
FNDA:0,(anonymous_1)
FNDA:0,(anonymous_2)
FNDA:0,(anonymous_3)
FNDA:0,(anonymous_4)
FNDA:0,(anonymous_5)
FNDA:0,(anonymous_6)
FNDA:0,(anonymous_7)
FNDA:0,(anonymous_8)
FNDA:0,(anonymous_9)
FNDA:0,(anonymous_10)
FNDA:0,(anonymous_11)
FNDA:0,(anonymous_12)
FNDA:0,(anonymous_13)
FNDA:0,(anonymous_14)
DA:30,1
DA:37,0
DA:38,0
DA:40,0
DA:46,0
DA:47,0
DA:48,0
DA:49,0
DA:53,0
DA:54,0
DA:55,0
DA:56,0
DA:58,0
DA:62,0
DA:63,0
DA:66,0
DA:67,0
DA:70,0
DA:71,0
DA:75,0
DA:113,0
DA:143,0
DA:174,0
DA:187,0
DA:213,0
DA:218,0
DA:240,1
LF:27
LH:2
BRDA:35,0,0,0
BRDA:47,1,0,0
BRDA:47,1,1,0
BRDA:55,2,0,0
BRDA:55,2,1,0
BRDA:75,3,0,0
BRDA:75,3,1,0
BRDA:107,4,0,0
BRDA:107,4,1,0
BRDA:156,5,0,0
BRDA:156,5,1,0
BRDA:205,6,0,0
BRDA:205,6,1,0
BRDA:207,7,0,0
BRDA:207,7,1,0
BRF:15
BRH:0
end_of_record
TN:
SF:src/components/ErrorBoundary.tsx
FN:27,(anonymous_0)
FN:31,(anonymous_1)
FN:49,(anonymous_2)
FN:22,(anonymous_3)
FN:45,(anonymous_4)
FN:80,DefaultErrorFallback
FN:115,(anonymous_6)
FN:138,ApiErrorBoundary
FN:142,(anonymous_8)
FNF:9
FNH:1
FNDA:1,(anonymous_0)
FNDA:0,(anonymous_1)
FNDA:0,(anonymous_2)
FNDA:0,(anonymous_3)
FNDA:0,(anonymous_4)
FNDA:0,DefaultErrorFallback
FNDA:0,(anonymous_6)
FNDA:0,ApiErrorBoundary
FNDA:0,(anonymous_8)
DA:23,0
DA:24,0
DA:28,0
DA:32,0
DA:34,0
DA:40,0
DA:41,0
DA:46,0
DA:50,0
DA:52,0
DA:53,0
DA:71,0
DA:115,0
DA:142,0
DA:144,0
LF:15
LH:0
BRDA:40,0,0,0
BRDA:40,0,1,0
BRDA:50,1,0,0
BRDA:50,1,1,0
BRDA:52,2,0,0
BRDA:52,2,1,0
BRDA:140,3,0,0
BRF:7
BRH:0
end_of_record
TN:
SF:src/components/FilterPanel.tsx
FN:25,(anonymous_0)
FN:66,(anonymous_1)
FNF:2
FNH:0
FNDA:0,(anonymous_0)
FNDA:0,(anonymous_1)
DA:24,1
DA:66,0
DA:101,1
LF:3
LH:2
BRDA:64,0,0,0
BRDA:64,0,1,0
BRDA:68,1,0,0
BRDA:68,1,1,0
BRDA:68,2,0,0
BRDA:68,2,1,0
BRDA:84,3,0,0
BRDA:84,3,1,0
BRDA:85,4,0,0
BRDA:85,4,1,0
BRDA:86,5,0,0
BRDA:86,5,1,0
BRF:12
BRH:0
end_of_record
TN:
SF:src/components/LoadingSkeletons.tsx
FN:9,Skeleton
FN:13,DashboardCardSkeleton
FN:28,SystemResourceCardSkeleton
FN:54,SystemInfoSkeleton
FN:92,LoadingSpinner
FN:116,LoadingState
FN:136,ErrorState
FN:186,ConnectionIndicator
FN:227,RetryIndicator
FN:262,OfflineBanner
FN:270,(anonymous_10)
FN:273,(anonymous_11)
FN:277,(anonymous_12)
FN:312,DataFreshnessIndicator
FN:321,(anonymous_14)
FN:324,(anonymous_15)
FN:328,(anonymous_16)
FN:357,formatLiveAge
FNF:18
FNH:0
FNDA:0,Skeleton
FNDA:0,DashboardCardSkeleton
FNDA:0,SystemResourceCardSkeleton
FNDA:0,SystemInfoSkeleton
FNDA:0,LoadingSpinner
FNDA:0,LoadingState
FNDA:0,ErrorState
FNDA:0,ConnectionIndicator
FNDA:0,RetryIndicator
FNDA:0,OfflineBanner
FNDA:0,(anonymous_10)
FNDA:0,(anonymous_11)
FNDA:0,(anonymous_12)
FNDA:0,DataFreshnessIndicator
FNDA:0,(anonymous_14)
FNDA:0,(anonymous_15)
FNDA:0,(anonymous_16)
FNDA:0,formatLiveAge
DA:97,0
DA:191,0
DA:234,0
DA:267,0
DA:270,0
DA:271,0
DA:273,0
DA:274,0
DA:277,0
DA:280,0
DA:282,0
DA:318,0
DA:321,0
DA:322,0
DA:324,0
DA:325,0
DA:328,0
DA:331,0
DA:333,0
DA:334,0
DA:358,0
DA:359,0
DA:360,0
DA:361,0
DA:363,0
DA:364,0
DA:365,0
DA:366,0
DA:367,0
DA:368,0
DA:370,0
LF:31
LH:0
BRDA:9,0,0,0
BRDA:93,1,0,0
BRDA:117,2,0,0
BRDA:118,3,0,0
BRDA:119,4,0,0
BRDA:137,5,0,0
BRDA:139,6,0,0
BRDA:140,7,0,0
BRDA:188,8,0,0
BRDA:189,9,0,0
BRDA:191,10,0,0
BRDA:191,10,1,0
BRDA:204,11,0,0
BRDA:204,11,1,0
BRDA:209,12,0,0
BRDA:209,12,1,0
BRDA:212,13,0,0
BRDA:212,13,1,0
BRDA:232,14,0,0
BRDA:234,15,0,0
BRDA:234,15,1,0
BRDA:234,16,0,0
BRDA:234,16,1,0
BRDA:242,17,0,0
BRDA:242,17,1,0
BRDA:244,18,0,0
BRDA:244,18,1,0
BRDA:265,19,0,0
BRDA:271,20,0,0
BRDA:271,20,1,0
BRDA:271,21,0,0
BRDA:271,21,1,0
BRDA:280,22,0,0
BRDA:280,22,1,0
BRDA:282,23,0,0
BRDA:282,23,1,0
BRDA:298,24,0,0
BRDA:298,24,1,0
BRDA:315,25,0,0
BRDA:316,26,0,0
BRDA:322,27,0,0
BRDA:322,27,1,0
BRDA:322,28,0,0
BRDA:322,28,1,0
BRDA:322,28,2,0
BRDA:331,29,0,0
BRDA:331,29,1,0
BRDA:331,30,0,0
BRDA:331,30,1,0
BRDA:331,30,2,0
BRDA:333,31,0,0
BRDA:333,31,1,0
BRDA:341,32,0,0
BRDA:341,32,1,0
BRDA:343,33,0,0
BRDA:343,33,1,0
BRDA:348,34,0,0
BRDA:348,34,1,0
BRDA:363,35,0,0
BRDA:363,35,1,0
BRDA:365,36,0,0
BRDA:365,36,1,0
BRDA:367,37,0,0
BRDA:367,37,1,0
BRF:64
BRH:0
end_of_record
TN:
SF:src/components/LogsTable.tsx
FN:19,(anonymous_0)
FN:20,(anonymous_1)
FN:24,(anonymous_2)
FNF:3
FNH:0
FNDA:0,(anonymous_0)
FNDA:0,(anonymous_1)
FNDA:0,(anonymous_2)
DA:18,1
DA:20,0
DA:21,0
DA:24,0
DA:25,0
DA:26,0
DA:27,0
DA:131,1
LF:8
LH:2
BRDA:25,0,0,0
BRDA:25,0,1,0
BRDA:26,1,0,0
BRDA:26,1,1,0
BRDA:28,2,0,0
BRDA:28,2,1,0
BRDA:28,2,2,0
BRDA:42,3,0,0
BRDA:42,3,1,0
BRDA:55,4,0,0
BRDA:55,4,1,0
BRDA:55,5,0,0
BRDA:55,5,1,0
BRF:13
BRH:0
end_of_record
TN:
SF:src/components/ProfileSelector.tsx
FN:15,(anonymous_0)
FN:24,(anonymous_1)
FN:28,(anonymous_2)
FN:43,(anonymous_3)
FN:121,(anonymous_4)
FN:128,(anonymous_5)
FN:141,(anonymous_6)
FNF:7
FNH:0
FNDA:0,(anonymous_0)
FNDA:0,(anonymous_1)
FNDA:0,(anonymous_2)
FNDA:0,(anonymous_3)
FNDA:0,(anonymous_4)
FNDA:0,(anonymous_5)
FNDA:0,(anonymous_6)
DA:14,1
DA:20,0
DA:22,0
DA:24,0
DA:25,0
DA:29,0
DA:30,0
DA:34,0
DA:43,0
DA:46,0
DA:65,0
DA:83,0
DA:121,0
DA:128,0
DA:141,0
DA:184,1
LF:16
LH:2
BRDA:15,0,0,0
BRDA:25,1,0,0
BRDA:25,1,1,0
BRDA:30,2,0,0
BRDA:30,2,1,0
BRDA:46,3,0,0
BRDA:46,3,1,0
BRDA:46,4,0,0
BRDA:46,4,1,0
BRDA:65,5,0,0
BRDA:65,5,1,0
BRDA:65,6,0,0
BRDA:65,6,1,0
BRDA:83,7,0,0
BRDA:83,7,1,0
BRDA:119,8,0,0
BRDA:119,8,1,0
BRDA:139,9,0,0
BRDA:139,9,1,0
BRDA:157,10,0,0
BRDA:157,10,1,0
BRF:21
BRH:0
end_of_record
TN:
SF:src/components/SearchInput.tsx
FN:12,(anonymous_0)
FN:19,(anonymous_1)
FN:37,(anonymous_2)
FN:42,(anonymous_3)
FN:46,(anonymous_4)
FNF:5
FNH:0
FNDA:0,(anonymous_0)
FNDA:0,(anonymous_1)
FNDA:0,(anonymous_2)
FNDA:0,(anonymous_3)
FNDA:0,(anonymous_4)
DA:11,1
DA:13,0
DA:14,0
DA:15,0
DA:16,0
DA:19,0
DA:20,0
DA:21,0
DA:24,0
DA:25,0
DA:27,0
DA:31,0
DA:34,0
DA:37,0
DA:38,0
DA:39,0
DA:42,0
DA:43,0
DA:46,0
DA:47,0
DA:48,0
DA:70,1
LF:22
LH:2
BRDA:12,0,0,0
BRDA:21,1,0,0
BRDA:21,1,1,0
BRDA:21,2,0,0
BRDA:21,2,1,0
BRDA:24,3,0,0
BRDA:24,3,1,0
BRDA:39,4,0,0
BRDA:39,4,1,0
BRDA:47,5,0,0
BRDA:47,5,1,0
BRF:11
BRH:0
end_of_record
TN:
SF:src/components/StatsCards.tsx
FN:20,(anonymous_0)
FNF:1
FNH:0
FNDA:0,(anonymous_0)
DA:19,1
DA:74,1
LF:2
LH:2
BRDA:33,0,0,0
BRDA:33,0,1,0
BRDA:33,1,0,0
BRDA:33,1,1,0
BRF:4
BRH:0
end_of_record
TN:
SF:src/components/analytics/DeviceAnalytics.tsx
FN:41,DeviceAnalytics
FN:61,(anonymous_1)
FN:91,(anonymous_2)
FN:96,(anonymous_3)
FN:102,(anonymous_4)
FN:108,(anonymous_5)
FN:136,(anonymous_6)
FN:161,(anonymous_7)
FN:176,(anonymous_8)
FN:177,(anonymous_9)
FN:179,(anonymous_10)
FN:187,(anonymous_11)
FN:192,(anonymous_12)
FN:269,(anonymous_13)
FN:281,(anonymous_14)
FN:293,(anonymous_15)
FN:294,(anonymous_16)
FN:313,(anonymous_17)
FN:338,(anonymous_18)
FN:446,(anonymous_19)
FN:460,(anonymous_20)
FN:487,(anonymous_21)
FNF:22
FNH:0
FNDA:0,DeviceAnalytics
FNDA:0,(anonymous_1)
FNDA:0,(anonymous_2)
FNDA:0,(anonymous_3)
FNDA:0,(anonymous_4)
FNDA:0,(anonymous_5)
FNDA:0,(anonymous_6)
FNDA:0,(anonymous_7)
FNDA:0,(anonymous_8)
FNDA:0,(anonymous_9)
FNDA:0,(anonymous_10)
FNDA:0,(anonymous_11)
FNDA:0,(anonymous_12)
FNDA:0,(anonymous_13)
FNDA:0,(anonymous_14)
FNDA:0,(anonymous_15)
FNDA:0,(anonymous_16)
FNDA:0,(anonymous_17)
FNDA:0,(anonymous_18)
FNDA:0,(anonymous_19)
FNDA:0,(anonymous_20)
FNDA:0,(anonymous_21)
DA:46,0
DA:47,0
DA:48,0
DA:49,0
DA:52,0
DA:53,0
DA:56,0
DA:57,0
DA:58,0
DA:61,0
DA:62,0
DA:63,0
DA:65,0
DA:66,0
DA:73,0
DA:80,0
DA:82,0
DA:83,0
DA:87,0
DA:91,0
DA:92,0
DA:96,0
DA:97,0
DA:100,0
DA:101,0
DA:102,0
DA:103,0
DA:108,0
DA:109,0
DA:110,0
DA:113,0
DA:114,0
DA:115,0
DA:119,0
DA:120,0
DA:121,0
DA:124,0
DA:125,0
DA:127,0
DA:132,0
DA:136,0
DA:137,0
DA:138,0
DA:147,0
DA:154,0
DA:161,0
DA:162,0
DA:163,0
DA:164,0
DA:165,0
DA:166,0
DA:167,0
DA:169,0
DA:170,0
DA:171,0
DA:172,0
DA:176,0
DA:177,0
DA:178,0
DA:179,0
DA:181,0
DA:187,0
DA:188,0
DA:192,0
DA:193,0
DA:196,0
DA:197,0
DA:199,0
DA:200,0
DA:204,0
DA:207,0
DA:210,0
DA:226,0
DA:269,0
DA:281,0
DA:294,0
DA:313,0
DA:338,0
DA:446,0
DA:460,0
DA:488,0
DA:489,0
LF:82
LH:0
BRDA:43,0,0,0
BRDA:44,1,0,0
BRDA:67,2,0,0
BRDA:67,2,1,0
BRDA:70,3,0,0
BRDA:70,3,1,0
BRDA:84,4,0,0
BRDA:84,4,1,0
BRDA:100,5,0,0
BRDA:100,5,1,0
BRDA:113,6,0,0
BRDA:113,6,1,0
BRDA:119,7,0,0
BRDA:119,7,1,0
BRDA:124,8,0,0
BRDA:124,8,1,0
BRDA:125,9,0,0
BRDA:125,9,1,0
BRDA:125,10,0,0
BRDA:125,10,1,0
BRDA:127,11,0,0
BRDA:127,11,1,0
BRDA:127,12,0,0
BRDA:127,12,1,0
BRDA:138,13,0,0
BRDA:138,13,1,0
BRDA:139,14,0,0
BRDA:139,14,1,0
BRDA:139,14,2,0
BRDA:139,14,3,0
BRDA:139,14,4,0
BRDA:147,15,0,0
BRDA:147,15,1,0
BRDA:148,16,0,0
BRDA:148,16,1,0
BRDA:148,16,2,0
BRDA:154,17,0,0
BRDA:154,17,1,0
BRDA:154,18,0,0
BRDA:154,18,1,0
BRDA:169,19,0,0
BRDA:169,19,1,0
BRDA:170,20,0,0
BRDA:170,20,1,0
BRDA:171,21,0,0
BRDA:171,21,1,0
BRDA:178,22,0,0
BRDA:178,22,1,0
BRDA:196,23,0,0
BRDA:196,23,1,0
BRDA:199,24,0,0
BRDA:199,24,1,0
BRDA:210,25,0,0
BRDA:210,25,1,0
BRDA:226,26,0,0
BRDA:226,26,1,0
BRDA:294,27,0,0
BRDA:294,27,1,0
BRDA:303,28,0,0
BRDA:303,28,1,0
BRDA:448,29,0,0
BRDA:448,29,1,0
BRDA:453,30,0,0
BRDA:453,30,1,0
BRDA:480,31,0,0
BRDA:480,31,1,0
BRDA:507,32,0,0
BRDA:507,32,1,0
BRDA:511,33,0,0
BRDA:511,33,1,0
BRF:70
BRH:0
end_of_record
TN:
SF:src/components/auth/ProtectedRoute.tsx
FN:10,(anonymous_0)
FNF:1
FNH:1
FNDA:2,(anonymous_0)
DA:10,1
DA:11,2
DA:14,2
DA:28,0
DA:33,0
LF:5
LH:3
BRDA:14,0,0,2
BRDA:14,0,1,0
BRDA:28,1,0,0
BRDA:28,1,1,0
BRDA:33,2,0,0
BRDA:33,2,1,0
BRF:6
BRH:1
end_of_record
TN:
SF:src/components/charts/ChartJsDomains.tsx
FN:37,ChartJsDomains
FN:43,(anonymous_1)
FN:63,(anonymous_2)
FN:71,(anonymous_3)
FN:110,(anonymous_4)
FN:126,(anonymous_5)
FN:130,(anonymous_6)
FN:142,(anonymous_7)
FN:146,(anonymous_8)
FN:237,(anonymous_9)
FN:248,(anonymous_10)
FNF:11
FNH:0
FNDA:0,ChartJsDomains
FNDA:0,(anonymous_1)
FNDA:0,(anonymous_2)
FNDA:0,(anonymous_3)
FNDA:0,(anonymous_4)
FNDA:0,(anonymous_5)
FNDA:0,(anonymous_6)
FNDA:0,(anonymous_7)
FNDA:0,(anonymous_8)
FNDA:0,(anonymous_9)
FNDA:0,(anonymous_10)
DA:16,1
DA:27,1
DA:39,0
DA:40,0
DA:43,0
DA:44,0
DA:50,0
DA:64,0
DA:65,0
DA:66,0
DA:69,0
DA:72,0
DA:73,0
DA:74,0
DA:78,0
DA:79,0
DA:84,0
DA:113,0
DA:114,0
DA:117,0
DA:125,0
DA:126,0
DA:130,0
DA:141,0
DA:142,0
DA:146,0
DA:237,0
DA:248,0
LF:28
LH:2
BRDA:39,0,0,0
BRDA:39,0,1,0
BRDA:40,1,0,0
BRDA:40,1,1,0
BRDA:43,2,0,0
BRDA:44,3,0,0
BRDA:44,3,1,0
BRDA:66,4,0,0
BRDA:66,4,1,0
BRDA:69,5,0,0
BRDA:69,5,1,0
BRDA:74,6,0,0
BRDA:74,6,1,0
BRDA:78,7,0,0
BRDA:78,7,1,0
BRDA:114,8,0,0
BRDA:114,8,1,0
BRDA:117,9,0,0
BRDA:117,9,1,0
BRF:19
BRH:0
end_of_record
TN:
SF:src/components/charts/ChartJsOverview.tsx
FN:78,ChartJsOverview
FN:104,(anonymous_1)
FN:124,(anonymous_2)
FN:175,(anonymous_3)
FN:188,(anonymous_4)
FN:199,(anonymous_5)
FN:231,(anonymous_6)
FN:240,(anonymous_7)
FN:251,(anonymous_8)
FN:253,(anonymous_9)
FN:265,(anonymous_10)
FN:281,(anonymous_11)
FN:295,(anonymous_12)
FN:323,(anonymous_13)
FN:328,(anonymous_14)
FN:361,(anonymous_15)
FNF:16
FNH:0
FNDA:0,ChartJsOverview
FNDA:0,(anonymous_1)
FNDA:0,(anonymous_2)
FNDA:0,(anonymous_3)
FNDA:0,(anonymous_4)
FNDA:0,(anonymous_5)
FNDA:0,(anonymous_6)
FNDA:0,(anonymous_7)
FNDA:0,(anonymous_8)
FNDA:0,(anonymous_9)
FNDA:0,(anonymous_10)
FNDA:0,(anonymous_11)
FNDA:0,(anonymous_12)
FNDA:0,(anonymous_13)
FNDA:0,(anonymous_14)
FNDA:0,(anonymous_15)
DA:26,1
DA:68,1
DA:80,0
DA:101,0
DA:104,0
DA:105,0
DA:107,0
DA:110,0
DA:112,0
DA:115,0
DA:118,0
DA:120,0
DA:124,0
DA:125,0
DA:129,0
DA:170,0
DA:175,0
DA:188,0
DA:199,0
DA:212,0
DA:226,0
DA:231,0
DA:240,0
DA:251,0
DA:252,0
DA:253,0
DA:254,0
DA:255,0
DA:259,0
DA:265,0
DA:281,0
DA:295,0
DA:309,0
DA:324,0
DA:325,0
DA:326,0
DA:330,0
DA:331,0
DA:332,0
DA:333,0
DA:336,0
DA:337,0
DA:339,0
DA:346,0
DA:362,0
DA:363,0
DA:364,0
DA:365,0
DA:372,0
LF:49
LH:2
BRDA:80,0,0,0
BRDA:80,0,1,0
BRDA:80,1,0,0
BRDA:80,1,1,0
BRDA:80,1,2,0
BRDA:107,2,0,0
BRDA:107,2,1,0
BRDA:107,2,2,0
BRDA:107,2,3,0
BRDA:107,2,4,0
BRDA:125,3,0,0
BRDA:125,3,1,0
BRDA:324,4,0,0
BRDA:324,4,1,0
BRDA:326,5,0,0
BRDA:326,5,1,0
BRDA:331,6,0,0
BRDA:331,6,1,0
BRDA:332,7,0,0
BRDA:332,7,1,0
BRF:20
BRH:0
end_of_record
TN:
SF:src/components/charts/ChartJsTlds.tsx
FN:37,ChartJsTlds
FN:56,(anonymous_1)
FN:100,(anonymous_2)
FN:104,(anonymous_3)
FN:116,(anonymous_4)
FN:120,(anonymous_5)
FN:211,(anonymous_6)
FN:222,(anonymous_7)
FNF:8
FNH:0
FNDA:0,ChartJsTlds
FNDA:0,(anonymous_1)
FNDA:0,(anonymous_2)
FNDA:0,(anonymous_3)
FNDA:0,(anonymous_4)
FNDA:0,(anonymous_5)
FNDA:0,(anonymous_6)
FNDA:0,(anonymous_7)
DA:16,1
DA:27,1
DA:39,0
DA:40,0
DA:43,0
DA:57,0
DA:58,0
DA:59,0
DA:61,0
DA:62,0
DA:67,0
DA:99,0
DA:100,0
DA:104,0
DA:115,0
DA:116,0
DA:120,0
DA:211,0
DA:222,0
LF:19
LH:2
BRDA:39,0,0,0
BRDA:39,0,1,0
BRDA:40,1,0,0
BRDA:40,1,1,0
BRDA:59,2,0,0
BRDA:59,2,1,0
BRDA:61,3,0,0
BRDA:61,3,1,0
BRF:8
BRH:0
end_of_record
TN:
SF:src/components/layout/Layout.tsx
FN:23,Layout
FN:56,(anonymous_1)
FN:67,(anonymous_2)
FN:94,(anonymous_3)
FN:117,(anonymous_4)
FN:129,(anonymous_5)
FN:203,(anonymous_6)
FN:211,(anonymous_7)
FN:215,(anonymous_8)
FNF:9
FNH:0
FNDA:0,Layout
FNDA:0,(anonymous_1)
FNDA:0,(anonymous_2)
FNDA:0,(anonymous_3)
FNDA:0,(anonymous_4)
FNDA:0,(anonymous_5)
FNDA:0,(anonymous_6)
FNDA:0,(anonymous_7)
FNDA:0,(anonymous_8)
DA:24,0
DA:25,0
DA:26,0
DA:27,0
DA:29,0
DA:56,0
DA:57,0
DA:58,0
DA:67,0
DA:94,0
DA:118,0
DA:129,0
DA:203,0
DA:211,0
DA:215,0
LF:15
LH:0
BRDA:75,0,0,0
BRDA:75,0,1,0
BRDA:125,1,0,0
BRDA:125,1,1,0
BRDA:134,2,0,0
BRDA:134,2,1,0
BRDA:144,3,0,0
BRDA:144,3,1,0
BRDA:211,4,0,0
BRDA:211,4,1,0
BRDA:215,5,0,0
BRDA:215,5,1,0
BRF:12
BRH:0
end_of_record
TN:
SF:src/components/ui/badge.tsx
FN:29,Badge
FNF:1
FNH:0
FNDA:0,Badge
DA:5,1
LF:1
LH:1
BRF:0
BRH:0
end_of_record
TN:
SF:src/components/ui/button.tsx
FN:50,(anonymous_0)
FNF:1
FNH:0
FNDA:0,(anonymous_0)
DA:7,1
DA:49,1
DA:51,0
DA:61,1
LF:4
LH:3
BRDA:50,0,0,0
BRDA:51,1,0,0
BRDA:51,1,1,0
BRF:3
BRH:0
end_of_record
TN:
SF:src/components/ui/card.tsx
FNF:0
FNH:0
DA:18,1
DA:30,1
DA:45,1
DA:57,1
DA:65,1
DA:77,1
LF:6
LH:6
BRF:0
BRH:0
end_of_record
TN:
SF:src/components/ui/input.tsx
FN:8,(anonymous_0)
FNF:1
FNH:0
FNDA:0,(anonymous_0)
DA:7,1
DA:22,1
LF:2
LH:2
BRF:0
BRH:0
end_of_record
TN:
SF:src/components/ui/tabs.tsx
FNF:0
FNH:0
DA:6,1
DA:21,1
DA:36,1
DA:51,1
LF:4
LH:4
BRF:0
BRH:0
end_of_record
TN:
SF:src/contexts/AuthContext.tsx
FN:16,(anonymous_0)
FN:28,(anonymous_1)
FN:35,(anonymous_2)
FN:36,(anonymous_3)
FN:61,(anonymous_4)
FN:89,(anonymous_5)
FN:114,(anonymous_6)
FN:122,(anonymous_7)
FNF:8
FNH:4
FNDA:2,(anonymous_0)
FNDA:2,(anonymous_1)
FNDA:2,(anonymous_2)
FNDA:2,(anonymous_3)
FNDA:0,(anonymous_4)
FNDA:0,(anonymous_5)
FNDA:0,(anonymous_6)
FNDA:0,(anonymous_7)
DA:14,1
DA:16,1
DA:17,2
DA:18,2
DA:19,0
DA:21,2
DA:28,1
DA:29,2
DA:30,2
DA:31,2
DA:32,2
DA:35,2
DA:36,2
DA:37,2
DA:38,2
DA:39,0
DA:40,0
DA:41,0
DA:44,0
DA:45,0
DA:48,0
DA:52,2
DA:54,2
DA:58,2
DA:61,2
DA:62,0
DA:63,0
DA:64,0
DA:65,0
DA:66,0
DA:67,0
DA:70,0
DA:72,0
DA:73,0
DA:74,0
DA:75,0
DA:78,0
DA:79,0
DA:80,0
DA:83,0
DA:84,0
DA:85,0
DA:89,2
DA:90,0
DA:91,0
DA:99,0
DA:100,0
DA:101,0
DA:104,0
DA:105,0
DA:106,0
DA:107,0
DA:109,0
DA:110,0
DA:114,2
DA:115,0
DA:116,0
DA:117,0
DA:120,0
DA:122,0
LF:60
LH:20
BRDA:18,0,0,0
BRDA:18,0,1,2
BRDA:39,1,0,0
BRDA:39,1,1,0
BRDA:44,2,0,0
BRDA:44,2,1,0
BRDA:64,3,0,0
BRDA:64,3,1,0
BRDA:72,4,0,0
BRDA:72,4,1,0
BRDA:99,5,0,0
BRDA:99,5,1,0
BRDA:101,6,0,0
BRDA:101,6,1,0
BRF:14
BRH:1
end_of_record
TN:
SF:src/hooks/useApi.ts
FN:7,(anonymous_0)
FN:12,(anonymous_1)
FN:23,(anonymous_2)
FN:28,(anonymous_3)
FN:35,(anonymous_4)
FN:51,(anonymous_5)
FN:56,(anonymous_6)
FN:97,(anonymous_7)
FN:102,(anonymous_8)
FN:106,(anonymous_9)
FN:130,(anonymous_10)
FN:134,(anonymous_11)
FN:160,(anonymous_12)
FN:164,(anonymous_13)
FN:189,(anonymous_14)
FN:192,(anonymous_15)
FN:195,(anonymous_16)
FN:210,(anonymous_17)
FN:213,(anonymous_18)
FN:229,(anonymous_19)
FN:232,(anonymous_20)
FN:249,(anonymous_21)
FNF:22
FNH:0
FNDA:0,(anonymous_0)
FNDA:0,(anonymous_1)
FNDA:0,(anonymous_2)
FNDA:0,(anonymous_3)
FNDA:0,(anonymous_4)
FNDA:0,(anonymous_5)
FNDA:0,(anonymous_6)
FNDA:0,(anonymous_7)
FNDA:0,(anonymous_8)
FNDA:0,(anonymous_9)
FNDA:0,(anonymous_10)
FNDA:0,(anonymous_11)
FNDA:0,(anonymous_12)
FNDA:0,(anonymous_13)
FNDA:0,(anonymous_14)
FNDA:0,(anonymous_15)
FNDA:0,(anonymous_16)
FNDA:0,(anonymous_17)
FNDA:0,(anonymous_18)
FNDA:0,(anonymous_19)
FNDA:0,(anonymous_20)
FNDA:0,(anonymous_21)
DA:7,1
DA:11,0
DA:14,0
DA:19,0
DA:21,0
DA:25,0
DA:29,0
DA:35,1
DA:41,0
DA:42,0
DA:43,0
DA:51,1
DA:56,0
DA:59,0
DA:61,0
DA:63,0
DA:66,0
DA:68,0
DA:71,0
DA:73,0
DA:74,0
DA:80,0
DA:87,0
DA:93,1
DA:97,0
DA:102,1
DA:103,0
DA:106,0
DA:115,0
DA:117,0
DA:130,1
DA:131,0
DA:134,0
DA:144,0
DA:146,0
DA:160,1
DA:161,0
DA:164,0
DA:173,0
DA:175,0
DA:189,1
DA:190,0
DA:192,0
DA:195,0
DA:199,0
DA:210,1
DA:211,0
DA:213,0
DA:218,0
DA:229,1
DA:230,0
DA:232,0
DA:238,0
DA:249,1
DA:250,0
DA:251,0
DA:254,0
DA:260,0
DA:264,0
DA:266,0
LF:60
LH:11
BRDA:8,0,0,0
BRDA:14,1,0,0
BRDA:14,1,1,0
BRDA:15,2,0,0
BRDA:15,2,1,0
BRDA:15,2,2,0
BRDA:39,3,0,0
BRDA:41,4,0,0
BRDA:41,4,1,0
BRDA:41,5,0,0
BRDA:41,5,1,0
BRDA:42,6,0,0
BRDA:42,6,1,0
BRDA:42,7,0,0
BRDA:42,7,1,0
BRDA:44,8,0,0
BRDA:44,8,1,0
BRDA:73,9,0,0
BRDA:73,9,1,0
BRDA:189,10,0,0
BRDA:229,11,0,0
BRDA:229,12,0,0
BRDA:233,13,0,0
BRDA:233,13,1,0
BRDA:255,14,0,0
BRDA:255,14,1,0
BRDA:255,14,2,0
BRDA:255,14,3,0
BRDA:260,15,0,0
BRDA:260,15,1,0
BRDA:264,16,0,0
BRDA:264,16,1,0
BRDA:264,17,0,0
BRDA:264,17,1,0
BRDA:270,18,0,0
BRDA:270,18,1,0
BRF:36
BRH:0
end_of_record
TN:
SF:src/hooks/useDevices.ts
FN:5,useDevices
FN:8,(anonymous_1)
FN:16,useDeviceNames
FN:20,(anonymous_3)
FNF:4
FNH:0
FNDA:0,useDevices
FNDA:0,(anonymous_1)
FNDA:0,useDeviceNames
FNDA:0,(anonymous_3)
DA:6,0
DA:8,0
DA:17,0
DA:20,0
DA:22,0
LF:5
LH:0
BRDA:5,0,0,0
BRDA:16,1,0,0
BRDA:20,2,0,0
BRDA:20,2,1,0
BRF:4
BRH:0
end_of_record
TN:
SF:src/hooks/useLogs.ts
FN:9,useLogs
FN:26,(anonymous_1)
FN:33,(anonymous_2)
FN:48,useLogsStats
FN:51,(anonymous_4)
FN:57,useProfiles
FN:60,(anonymous_6)
FN:66,useProfilesInfo
FN:69,(anonymous_8)
FNF:9
FNH:0
FNDA:0,useLogs
FNDA:0,(anonymous_1)
FNDA:0,(anonymous_2)
FNDA:0,useLogsStats
FNDA:0,(anonymous_4)
FNDA:0,useProfiles
FNDA:0,(anonymous_6)
FNDA:0,useProfilesInfo
FNDA:0,(anonymous_8)
DA:12,0
DA:22,0
DA:26,0
DA:31,0
DA:33,0
DA:49,0
DA:51,0
DA:58,0
DA:60,0
DA:67,0
DA:69,0
LF:11
LH:0
BRDA:9,0,0,0
BRDA:13,1,0,0
BRDA:13,1,1,0
BRDA:14,2,0,0
BRDA:14,2,1,0
BRDA:15,3,0,0
BRDA:15,3,1,0
BRDA:16,4,0,0
BRDA:16,4,1,0
BRDA:18,5,0,0
BRDA:18,5,1,0
BRDA:18,6,0,0
BRDA:18,6,1,0
BRDA:36,7,0,0
BRDA:36,7,1,0
BRDA:36,8,0,0
BRDA:36,8,1,0
BRDA:36,8,2,0
BRDA:36,8,3,0
BRF:19
BRH:0
end_of_record
TN:
SF:src/lib/api.ts
FN:8,fetchWithAuth
FN:38,apiGet
FN:45,apiPost
FNF:3
FNH:0
FNDA:0,fetchWithAuth
FNDA:0,apiGet
FNDA:0,apiPost
DA:12,0
DA:15,0
DA:16,0
DA:17,0
DA:21,0
DA:27,0
DA:28,0
DA:29,0
DA:32,0
DA:39,0
DA:46,0
LF:11
LH:0
BRDA:10,0,0,0
BRDA:16,1,0,0
BRDA:16,1,1,0
BRDA:27,2,0,0
BRDA:27,2,1,0
BRDA:27,3,0,0
BRDA:27,3,1,0
BRDA:51,4,0,0
BRDA:51,4,1,0
BRF:9
BRH:0
end_of_record
TN:
SF:src/lib/cache.ts
FN:22,(anonymous_0)
FN:48,(anonymous_1)
FN:85,(anonymous_2)
FN:115,(anonymous_3)
FN:127,(anonymous_4)
FN:130,(anonymous_5)
FN:131,(anonymous_6)
FN:140,(anonymous_7)
FN:147,(anonymous_8)
FN:155,(anonymous_9)
FN:190,(anonymous_10)
FN:192,(anonymous_11)
FN:202,(anonymous_12)
FN:214,(anonymous_13)
FN:229,(anonymous_14)
FN:248,(anonymous_15)
FNF:16
FNH:9
FNDA:1,(anonymous_0)
FNDA:1,(anonymous_1)
FNDA:1,(anonymous_2)
FNDA:1,(anonymous_3)
FNDA:1,(anonymous_4)
FNDA:0,(anonymous_5)
FNDA:0,(anonymous_6)
FNDA:1,(anonymous_7)
FNDA:0,(anonymous_8)
FNDA:0,(anonymous_9)
FNDA:1,(anonymous_10)
FNDA:0,(anonymous_11)
FNDA:0,(anonymous_12)
FNDA:0,(anonymous_13)
FNDA:1,(anonymous_14)
FNDA:1,(anonymous_15)
DA:15,1
DA:16,1
DA:17,1
DA:27,0
DA:28,0
DA:35,0
DA:36,0
DA:39,0
DA:41,0
DA:49,0
DA:50,0
DA:51,0
DA:53,0
DA:54,0
DA:57,0
DA:58,0
DA:59,0
DA:62,0
DA:64,0
DA:65,0
DA:68,0
DA:77,0
DA:78,0
DA:88,0
DA:89,0
DA:90,0
DA:92,0
DA:93,0
DA:96,0
DA:98,0
DA:107,0
DA:108,0
DA:116,0
DA:117,0
DA:118,0
DA:120,0
DA:128,0
DA:129,0
DA:130,0
DA:131,0
DA:133,0
DA:146,0
DA:147,0
DA:148,0
DA:151,0
DA:152,0
DA:153,0
DA:155,0
DA:156,0
DA:157,0
DA:158,0
DA:159,0
DA:161,0
DA:162,0
DA:164,0
DA:165,0
DA:170,0
DA:177,0
DA:178,0
DA:191,0
DA:192,0
DA:193,0
DA:196,0
DA:197,0
DA:201,0
DA:203,0
DA:204,0
DA:206,0
DA:207,0
DA:208,0
DA:210,0
DA:214,0
DA:217,0
DA:218,0
DA:219,0
DA:222,0
DA:230,0
DA:231,0
DA:232,0
DA:234,0
DA:235,0
DA:236,0
DA:237,0
DA:238,0
DA:239,0
DA:241,0
DA:250,0
DA:251,0
DA:253,0
DA:254,0
LF:90
LH:3
BRDA:25,0,0,0
BRDA:53,1,0,0
BRDA:53,1,1,0
BRDA:62,2,0,0
BRDA:62,2,1,0
BRDA:92,3,0,0
BRDA:92,3,1,0
BRDA:157,4,0,0
BRDA:157,4,1,0
BRDA:161,5,0,0
BRDA:161,5,1,0
BRDA:161,6,0,0
BRDA:161,6,1,0
BRDA:164,7,0,0
BRDA:164,7,1,0
BRDA:164,8,0,0
BRDA:164,8,1,0
BRDA:196,9,0,0
BRDA:196,9,1,0
BRDA:204,10,0,0
BRDA:204,10,1,0
BRDA:234,11,0,0
BRDA:234,11,1,0
BRDA:238,12,0,0
BRDA:238,12,1,0
BRDA:251,13,0,0
BRDA:251,13,1,0
BRDA:254,14,0,0
BRDA:254,14,1,0
BRF:29
BRH:0
end_of_record
TN:
SF:src/lib/utils.ts
FN:4,cn
FN:8,formatDate
FN:18,formatBytes
FN:28,formatNumber
FN:32,truncate
FNF:5
FNH:5
FNDA:3,cn
FNDA:3,formatDate
FNDA:7,formatBytes
FNDA:5,formatNumber
FNDA:5,truncate
DA:5,3
DA:9,3
DA:19,7
DA:21,6
DA:22,6
DA:23,6
DA:25,6
DA:29,5
DA:33,5
DA:34,2
LF:10
LH:10
BRDA:19,0,0,1
BRDA:19,0,1,6
BRDA:33,1,0,3
BRDA:33,1,1,2
BRF:4
BRH:4
end_of_record
TN:
SF:src/pages/Dashboard.tsx
FN:39,Dashboard
FN:130,(anonymous_1)
FNF:2
FNH:0
FNDA:0,Dashboard
FNDA:0,(anonymous_1)
DA:48,0
DA:57,0
DA:59,0
DA:62,0
DA:99,0
DA:100,0
DA:101,0
DA:102,0
DA:103,0
DA:131,0
LF:10
LH:0
BRDA:62,0,0,0
BRDA:62,0,1,0
BRDA:62,1,0,0
BRDA:62,1,1,0
BRDA:100,2,0,0
BRDA:100,2,1,0
BRDA:100,3,0,0
BRDA:100,3,1,0
BRDA:101,4,0,0
BRDA:101,4,1,0
BRDA:102,5,0,0
BRDA:102,5,1,0
BRDA:104,6,0,0
BRDA:104,6,1,0
BRDA:105,7,0,0
BRDA:105,7,1,0
BRDA:134,8,0,0
BRDA:134,8,1,0
BRDA:137,9,0,0
BRDA:137,9,1,0
BRDA:137,10,0,0
BRDA:137,10,1,0
BRDA:139,11,0,0
BRDA:139,11,1,0
BRDA:139,12,0,0
BRDA:139,12,1,0
BRDA:154,13,0,0
BRDA:154,13,1,0
BRDA:163,14,0,0
BRDA:163,14,1,0
BRDA:170,15,0,0
BRDA:170,15,1,0
BRDA:187,16,0,0
BRDA:187,16,1,0
BRDA:202,17,0,0
BRDA:202,17,1,0
BRDA:213,18,0,0
BRDA:213,18,1,0
BRDA:230,19,0,0
BRDA:230,19,1,0
BRDA:232,20,0,0
BRDA:232,20,1,0
BRDA:243,21,0,0
BRDA:243,21,1,0
BRDA:260,22,0,0
BRDA:260,22,1,0
BRDA:271,23,0,0
BRDA:271,23,1,0
BRDA:286,24,0,0
BRDA:286,24,1,0
BRDA:300,25,0,0
BRDA:300,25,1,0
BRDA:430,26,0,0
BRDA:430,26,1,0
BRDA:432,27,0,0
BRDA:432,27,1,0
BRDA:438,28,0,0
BRDA:438,28,1,0
BRDA:450,29,0,0
BRDA:450,29,1,0
BRDA:460,30,0,0
BRDA:460,30,1,0
BRDA:470,31,0,0
BRDA:470,31,1,0
BRDA:582,32,0,0
BRDA:582,32,1,0
BRDA:584,33,0,0
BRDA:584,33,1,0
BRDA:618,34,0,0
BRDA:618,34,1,0
BRDA:628,35,0,0
BRDA:628,35,1,0
BRDA:648,36,0,0
BRDA:648,36,1,0
BRDA:656,37,0,0
BRDA:656,37,1,0
BRDA:664,38,0,0
BRDA:664,38,1,0
BRDA:672,39,0,0
BRDA:672,39,1,0
BRDA:682,40,0,0
BRDA:682,40,1,0
BRDA:750,41,0,0
BRDA:750,41,1,0
BRF:84
BRH:0
end_of_record
TN:
SF:src/pages/Login.tsx
FN:15,(anonymous_0)
FN:23,(anonymous_1)
FN:65,(anonymous_2)
FN:81,(anonymous_3)
FNF:4
FNH:0
FNDA:0,(anonymous_0)
FNDA:0,(anonymous_1)
FNDA:0,(anonymous_2)
FNDA:0,(anonymous_3)
DA:15,1
DA:16,0
DA:17,0
DA:18,0
DA:19,0
DA:20,0
DA:21,0
DA:23,0
DA:24,0
DA:25,0
DA:26,0
DA:28,0
DA:29,0
DA:31,0
DA:33,0
DA:37,0
DA:65,0
DA:81,0
LF:18
LH:1
BRDA:34,0,0,0
BRDA:34,0,1,0
BRF:2
BRH:0
end_of_record
TN:
SF:src/pages/Logs.tsx
FN:14,Logs
FN:19,(anonymous_1)
FN:22,(anonymous_2)
FN:27,(anonymous_3)
FN:30,(anonymous_4)
FN:32,(anonymous_5)
FN:39,(anonymous_6)
FN:40,(anonymous_7)
FN:41,(anonymous_8)
FN:46,(anonymous_9)
FN:51,(anonymous_10)
FN:68,(anonymous_11)
FN:72,(anonymous_12)
FN:76,(anonymous_13)
FN:102,(anonymous_14)
FN:109,(anonymous_15)
FN:110,(anonymous_16)
FN:117,(anonymous_17)
FN:118,(anonymous_18)
FN:125,(anonymous_19)
FN:126,(anonymous_20)
FN:163,(anonymous_21)
FN:171,(anonymous_22)
FN:190,(anonymous_23)
FNF:24
FNH:0
FNDA:0,Logs
FNDA:0,(anonymous_1)
FNDA:0,(anonymous_2)
FNDA:0,(anonymous_3)
FNDA:0,(anonymous_4)
FNDA:0,(anonymous_5)
FNDA:0,(anonymous_6)
FNDA:0,(anonymous_7)
FNDA:0,(anonymous_8)
FNDA:0,(anonymous_9)
FNDA:0,(anonymous_10)
FNDA:0,(anonymous_11)
FNDA:0,(anonymous_12)
FNDA:0,(anonymous_13)
FNDA:0,(anonymous_14)
FNDA:0,(anonymous_15)
FNDA:0,(anonymous_16)
FNDA:0,(anonymous_17)
FNDA:0,(anonymous_18)
FNDA:0,(anonymous_19)
FNDA:0,(anonymous_20)
FNDA:0,(anonymous_21)
FNDA:0,(anonymous_22)
FNDA:0,(anonymous_23)
DA:15,0
DA:18,0
DA:19,0
DA:21,0
DA:22,0
DA:24,0
DA:27,0
DA:29,0
DA:30,0
DA:32,0
DA:33,0
DA:34,0
DA:36,0
DA:39,0
DA:40,0
DA:41,0
DA:42,0
DA:46,0
DA:50,0
DA:51,0
DA:61,0
DA:64,0
DA:68,0
DA:69,0
DA:72,0
DA:74,0
DA:75,0
DA:76,0
DA:78,0
DA:81,0
DA:89,0
DA:101,0
DA:103,0
DA:108,0
DA:110,0
DA:111,0
DA:117,0
DA:118,0
DA:119,0
DA:121,0
DA:125,0
DA:126,0
DA:127,0
DA:131,0
DA:153,0
DA:163,0
DA:171,0
DA:190,0
LF:48
LH:0
BRDA:19,0,0,0
BRDA:19,0,1,0
BRDA:22,1,0,0
BRDA:22,1,1,0
BRDA:27,2,0,0
BRDA:27,2,1,0
BRDA:30,3,0,0
BRDA:30,3,1,0
BRDA:34,4,0,0
BRDA:34,4,1,0
BRDA:56,5,0,0
BRDA:56,5,1,0
BRDA:69,6,0,0
BRDA:69,6,1,0
BRDA:81,7,0,0
BRDA:81,7,1,0
BRDA:131,8,0,0
BRDA:131,8,1,0
BRDA:131,9,0,0
BRDA:131,9,1,0
BRDA:153,10,0,0
BRDA:153,10,1,0
BRDA:194,11,0,0
BRDA:194,11,1,0
BRF:24
BRH:0
end_of_record
TN:
SF:src/pages/Settings.tsx
FN:10,Settings
FNF:1
FNH:0
FNDA:0,Settings
LF:0
LH:0
BRF:0
BRH:0
end_of_record
TN:
SF:src/pages/Stats.tsx
FN:91,Stats
FN:112,(anonymous_1)
FN:132,(anonymous_2)
FN:147,(anonymous_3)
FN:244,(anonymous_4)
FN:245,(anonymous_5)
FN:269,(anonymous_6)
FN:274,(anonymous_7)
FN:280,(anonymous_8)
FN:311,(anonymous_9)
FN:315,(anonymous_10)
FN:330,(anonymous_11)
FN:356,(anonymous_12)
FNF:13
FNH:0
FNDA:0,Stats
FNDA:0,(anonymous_1)
FNDA:0,(anonymous_2)
FNDA:0,(anonymous_3)
FNDA:0,(anonymous_4)
FNDA:0,(anonymous_5)
FNDA:0,(anonymous_6)
FNDA:0,(anonymous_7)
FNDA:0,(anonymous_8)
FNDA:0,(anonymous_9)
FNDA:0,(anonymous_10)
FNDA:0,(anonymous_11)
FNDA:0,(anonymous_12)
DA:83,1
DA:92,0
DA:95,0
DA:96,0
DA:97,0
DA:100,0
DA:101,0
DA:102,0
DA:103,0
DA:104,0
DA:105,0
DA:108,0
DA:109,0
DA:112,0
DA:113,0
DA:114,0
DA:115,0
DA:117,0
DA:118,0
DA:119,0
DA:122,0
DA:123,0
DA:124,0
DA:126,0
DA:127,0
DA:128,0
DA:132,0
DA:133,0
DA:134,0
DA:135,0
DA:138,0
DA:139,0
DA:140,0
DA:141,0
DA:143,0
DA:147,0
DA:148,0
DA:149,0
DA:151,0
DA:152,0
DA:153,0
DA:154,0
DA:155,0
DA:157,0
DA:160,0
DA:164,0
DA:167,0
DA:168,0
DA:169,0
DA:170,0
DA:174,0
DA:175,0
DA:176,0
DA:179,0
DA:183,0
DA:186,0
DA:187,0
DA:188,0
DA:193,0
DA:197,0
DA:198,0
DA:199,0
DA:202,0
DA:206,0
DA:209,0
DA:210,0
DA:211,0
DA:212,0
DA:216,0
DA:217,0
DA:218,0
DA:221,0
DA:222,0
DA:225,0
DA:226,0
DA:227,0
DA:228,0
DA:232,0
DA:233,0
DA:234,0
DA:236,0
DA:237,0
DA:239,0
DA:244,0
DA:245,0
DA:246,0
DA:247,0
DA:248,0
DA:249,0
DA:250,0
DA:251,0
DA:255,0
DA:256,0
DA:257,0
DA:258,0
DA:259,0
DA:262,0
DA:265,0
DA:269,0
DA:270,0
DA:274,0
DA:275,0
DA:276,0
DA:277,0
DA:280,0
DA:311,0
DA:316,0
DA:317,0
DA:330,0
DA:356,0
LF:110
LH:1
BRDA:117,0,0,0
BRDA:117,0,1,0
BRDA:118,1,0,0
BRDA:118,1,1,0
BRDA:119,2,0,0
BRDA:119,2,1,0
BRDA:126,3,0,0
BRDA:126,3,1,0
BRDA:127,4,0,0
BRDA:127,4,1,0
BRDA:128,5,0,0
BRDA:128,5,1,0
BRDA:139,6,0,0
BRDA:139,6,1,0
BRDA:140,7,0,0
BRDA:140,7,1,0
BRDA:141,8,0,0
BRDA:141,8,1,0
BRDA:154,9,0,0
BRDA:154,9,1,0
BRDA:167,10,0,0
BRDA:167,10,1,0
BRDA:186,11,0,0
BRDA:186,11,1,0
BRDA:209,12,0,0
BRDA:209,12,1,0
BRDA:225,13,0,0
BRDA:225,13,1,0
BRDA:237,14,0,0
BRDA:237,14,1,0
BRDA:248,15,0,0
BRDA:248,15,1,0
BRDA:256,16,0,0
BRDA:256,16,1,0
BRDA:275,17,0,0
BRDA:275,17,1,0
BRDA:276,18,0,0
BRDA:276,18,1,0
BRDA:309,19,0,0
BRDA:309,19,1,0
BRDA:317,20,0,0
BRDA:317,20,1,0
BRDA:325,21,0,0
BRDA:325,21,1,0
BRDA:354,22,0,0
BRDA:354,22,1,0
BRDA:431,23,0,0
BRDA:431,23,1,0
BRDA:446,24,0,0
BRDA:446,24,1,0
BRDA:487,25,0,0
BRDA:487,25,1,0
BRF:52
BRH:0
end_of_record
TN:
SF:src/services/api.ts
FN:26,(anonymous_0)
FN:33,(anonymous_1)
FN:38,(anonymous_2)
FN:39,(anonymous_3)
FN:60,(anonymous_4)
FN:65,(anonymous_5)
FN:71,(anonymous_6)
FN:77,(anonymous_7)
FN:83,(anonymous_8)
FN:92,(anonymous_9)
FN:100,(anonymous_10)
FN:109,(anonymous_11)
FN:114,(anonymous_12)
FN:119,(anonymous_13)
FN:125,(anonymous_14)
FN:138,(anonymous_15)
FN:149,(anonymous_16)
FN:157,(anonymous_17)
FNF:18
FNH:0
FNDA:0,(anonymous_0)
FNDA:0,(anonymous_1)
FNDA:0,(anonymous_2)
FNDA:0,(anonymous_3)
FNDA:0,(anonymous_4)
FNDA:0,(anonymous_5)
FNDA:0,(anonymous_6)
FNDA:0,(anonymous_7)
FNDA:0,(anonymous_8)
FNDA:0,(anonymous_9)
FNDA:0,(anonymous_10)
FNDA:0,(anonymous_11)
FNDA:0,(anonymous_12)
FNDA:0,(anonymous_13)
FNDA:0,(anonymous_14)
FNDA:0,(anonymous_15)
FNDA:0,(anonymous_16)
FNDA:0,(anonymous_17)
DA:16,1
DA:25,1
DA:27,0
DA:28,0
DA:29,0
DA:31,0
DA:33,0
DA:37,1
DA:38,0
DA:41,0
DA:45,0
DA:46,0
DA:49,0
DA:58,1
DA:61,0
DA:62,0
DA:66,0
DA:67,0
DA:72,0
DA:73,0
DA:80,0
DA:82,0
DA:83,0
DA:85,0
DA:86,0
DA:87,0
DA:88,0
DA:89,0
DA:90,0
DA:91,0
DA:92,0
DA:94,0
DA:96,0
DA:97,0
DA:101,0
DA:102,0
DA:104,0
DA:105,0
DA:110,0
DA:111,0
DA:115,0
DA:116,0
DA:120,0
DA:121,0
DA:129,0
DA:130,0
DA:131,0
DA:133,0
DA:134,0
DA:144,0
DA:145,0
DA:146,0
DA:147,0
DA:148,0
DA:149,0
DA:152,0
DA:153,0
DA:158,0
DA:159,0
LF:59
LH:4
BRDA:28,0,0,0
BRDA:28,0,1,0
BRDA:41,1,0,0
BRDA:41,1,1,0
BRDA:42,2,0,0
BRDA:42,2,1,0
BRDA:78,3,0,0
BRDA:82,4,0,0
BRDA:82,4,1,0
BRDA:82,5,0,0
BRDA:82,5,1,0
BRDA:85,6,0,0
BRDA:85,6,1,0
BRDA:86,7,0,0
BRDA:86,7,1,0
BRDA:87,8,0,0
BRDA:87,8,1,0
BRDA:88,9,0,0
BRDA:88,9,1,0
BRDA:88,10,0,0
BRDA:88,10,1,0
BRDA:90,11,0,0
BRDA:90,11,1,0
BRDA:91,12,0,0
BRDA:91,12,1,0
BRDA:91,13,0,0
BRDA:91,13,1,0
BRDA:94,14,0,0
BRDA:94,14,1,0
BRDA:102,15,0,0
BRDA:102,15,1,0
BRDA:127,16,0,0
BRDA:130,17,0,0
BRDA:130,17,1,0
BRDA:140,18,0,0
BRDA:141,19,0,0
BRDA:142,20,0,0
BRDA:145,21,0,0
BRDA:145,21,1,0
BRDA:148,22,0,0
BRDA:148,22,1,0
BRF:41
BRH:0
end_of_record
